<?xml version="1.0" encoding="UTF-8"?>
<testsuite name="com.southgis.test.serviceziphi.ServiceZiphiApplicationTests" time="0.007" tests="1" errors="1" skipped="0" failures="0">
  <properties>
[...]
</properties>
  <testcase name="contextLoads" classname="com.southgis.test.serviceziphi.ServiceZiphiApplicationTests" time="0.007">
    <error message="Failed to load ApplicationContext" type="java.lang.IllegalStateException">java.lang.IllegalStateException: Failed to load ApplicationContext
	at org.springframework.test.context.cache.DefaultCacheAwareContextLoaderDelegate.loadContext(DefaultCacheAwareContextLoaderDelegate.java:124)
	at org.springframework.test.context.support.DefaultTestContext.getApplicationContext(DefaultTestContext.java:83)
	at org.springframework.test.context.web.ServletTestExecutionListener.setUpRequestContextIfNecessary(ServletTestExecutionListener.java:189)
	at org.springframework.test.context.web.ServletTestExecutionListener.prepareTestInstance(ServletTestExecutionListener.java:131)
	at org.springframework.test.context.TestContextManager.prepareTestInstance(TestContextManager.java:230)
	at org.springframework.test.context.junit4.SpringJUnit4ClassRunner.createTest(SpringJUnit4ClassRunner.java:228)
	at org.springframework.test.context.junit4.SpringJUnit4ClassRunner$1.runReflectiveCall(SpringJUnit4ClassRunner.java:287)
	at org.junit.internal.runners.model.ReflectiveCallable.run(ReflectiveCallable.java:12)
	at org.springframework.test.context.junit4.SpringJUnit4ClassRunner.methodBlock(SpringJUnit4ClassRunner.java:289)
	at org.springframework.test.context.junit4.SpringJUnit4ClassRunner.runChild(SpringJUnit4ClassRunner.java:247)
	at org.springframework.test.context.junit4.SpringJUnit4ClassRunner.runChild(SpringJUnit4ClassRunner.java:94)
	at org.junit.runners.ParentRunner$3.run(ParentRunner.java:290)
	at org.junit.runners.ParentRunner$1.schedule(ParentRunner.java:71)
	at org.junit.runners.ParentRunner.runChildren(ParentRunner.java:288)
	at org.junit.runners.ParentRunner.access$000(ParentRunner.java:58)
	at org.junit.runners.ParentRunner$2.evaluate(ParentRunner.java:268)
	at org.springframework.test.context.junit4.statements.RunBeforeTestClassCallbacks.evaluate(RunBeforeTestClassCallbacks.java:61)
	at org.springframework.test.context.junit4.statements.RunAfterTestClassCallbacks.evaluate(RunAfterTestClassCallbacks.java:70)
	at org.junit.runners.ParentRunner.run(ParentRunner.java:363)
	at org.springframework.test.context.junit4.SpringJUnit4ClassRunner.run(SpringJUnit4ClassRunner.java:191)
	at org.apache.maven.surefire.junit4.JUnit4Provider.execute(JUnit4Provider.java:283)
	at org.apache.maven.surefire.junit4.JUnit4Provider.executeWithRerun(JUnit4Provider.java:173)
	at org.apache.maven.surefire.junit4.JUnit4Provider.executeTestSet(JUnit4Provider.java:153)
	at org.apache.maven.surefire.junit4.JUnit4Provider.invoke(JUnit4Provider.java:128)
	at org.apache.maven.surefire.booter.ForkedBooter.invokeProviderInSameClassLoader(ForkedBooter.java:203)
	at org.apache.maven.surefire.booter.ForkedBooter.runSuitesInProcess(ForkedBooter.java:155)
	at org.apache.maven.surefire.booter.ForkedBooter.main(ForkedBooter.java:103)
Caused by: org.springframework.beans.factory.BeanCreationException: Error creating bean with name 'org.springframework.cloud.sleuth.instrument.web.client.TraceWebClientAutoConfiguration$TraceInterceptorConfiguration': Invocation of init method failed; nested exception is java.lang.NullPointerException
	at org.springframework.beans.factory.annotation.InitDestroyAnnotationBeanPostProcessor.postProcessBeforeInitialization(InitDestroyAnnotationBeanPostProcessor.java:137)
	at org.springframework.beans.factory.support.AbstractAutowireCapableBeanFactory.applyBeanPostProcessorsBeforeInitialization(AbstractAutowireCapableBeanFactory.java:409)
	at org.springframework.beans.factory.support.AbstractAutowireCapableBeanFactory.initializeBean(AbstractAutowireCapableBeanFactory.java:1620)
	at org.springframework.beans.factory.support.AbstractAutowireCapableBeanFactory.doCreateBean(AbstractAutowireCapableBeanFactory.java:555)
	at org.springframework.beans.factory.support.AbstractAutowireCapableBeanFactory.createBean(AbstractAutowireCapableBeanFactory.java:483)
	at org.springframework.beans.factory.support.AbstractBeanFactory$1.getObject(AbstractBeanFactory.java:306)
	at org.springframework.beans.factory.support.DefaultSingletonBeanRegistry.getSingleton(DefaultSingletonBeanRegistry.java:230)
	at org.springframework.beans.factory.support.AbstractBeanFactory.doGetBean(AbstractBeanFactory.java:302)
	at org.springframework.beans.factory.support.AbstractBeanFactory.getBean(AbstractBeanFactory.java:197)
	at org.springframework.beans.factory.support.DefaultListableBeanFactory.preInstantiateSingletons(DefaultListableBeanFactory.java:761)
	at org.springframework.context.support.AbstractApplicationContext.finishBeanFactoryInitialization(AbstractApplicationContext.java:867)
	at org.springframework.context.support.AbstractApplicationContext.refresh(AbstractApplicationContext.java:543)
	at org.springframework.boot.SpringApplication.refresh(SpringApplication.java:693)
	at org.springframework.boot.SpringApplication.refreshContext(SpringApplication.java:360)
	at org.springframework.boot.SpringApplication.run(SpringApplication.java:303)
	at org.springframework.boot.test.context.SpringBootContextLoader.loadContext(SpringBootContextLoader.java:120)
	at org.springframework.test.context.cache.DefaultCacheAwareContextLoaderDelegate.loadContextInternal(DefaultCacheAwareContextLoaderDelegate.java:98)
	at org.springframework.test.context.cache.DefaultCacheAwareContextLoaderDelegate.loadContext(DefaultCacheAwareContextLoaderDelegate.java:116)
	at org.springframework.test.context.support.DefaultTestContext.getApplicationContext(DefaultTestContext.java:83)
	at org.springframework.test.context.web.ServletTestExecutionListener.setUpRequestContextIfNecessary(ServletTestExecutionListener.java:189)
	at org.springframework.test.context.web.ServletTestExecutionListener.prepareTestInstance(ServletTestExecutionListener.java:131)
	at org.springframework.test.context.TestContextManager.prepareTestInstance(TestContextManager.java:230)
	at org.springframework.test.context.junit4.SpringJUnit4ClassRunner.createTest(SpringJUnit4ClassRunner.java:228)
	at org.springframework.test.context.junit4.SpringJUnit4ClassRunner$1.runReflectiveCall(SpringJUnit4ClassRunner.java:287)
	at org.junit.internal.runners.model.ReflectiveCallable.run(ReflectiveCallable.java:12)
	at org.springframework.test.context.junit4.SpringJUnit4ClassRunner.methodBlock(SpringJUnit4ClassRunner.java:289)
	at org.springframework.test.context.junit4.SpringJUnit4ClassRunner.runChild(SpringJUnit4ClassRunner.java:247)
	at org.springframework.test.context.junit4.SpringJUnit4ClassRunner.runChild(SpringJUnit4ClassRunner.java:94)
	at org.junit.runners.ParentRunner$3.run(ParentRunner.java:290)
	at org.junit.runners.ParentRunner$1.schedule(ParentRunner.java:71)
	at org.junit.runners.ParentRunner.runChildren(ParentRunner.java:288)
	at org.junit.runners.ParentRunner.access$000(ParentRunner.java:58)
	at org.junit.runners.ParentRunner$2.evaluate(ParentRunner.java:268)
	at org.springframework.test.context.junit4.statements.RunBeforeTestClassCallbacks.evaluate(RunBeforeTestClassCallbacks.java:61)
	at org.springframework.test.context.junit4.statements.RunAfterTestClassCallbacks.evaluate(RunAfterTestClassCallbacks.java:70)
	at org.junit.runners.ParentRunner.run(ParentRunner.java:363)
	at org.springframework.test.context.junit4.SpringJUnit4ClassRunner.run(SpringJUnit4ClassRunner.java:191)
	at org.apache.maven.surefire.junit4.JUnit4Provider.execute(JUnit4Provider.java:283)
	at org.apache.maven.surefire.junit4.JUnit4Provider.executeWithRerun(JUnit4Provider.java:173)
	at org.apache.maven.surefire.junit4.JUnit4Provider.executeTestSet(JUnit4Provider.java:153)
	at org.apache.maven.surefire.junit4.JUnit4Provider.invoke(JUnit4Provider.java:128)
	at org.apache.maven.surefire.booter.ForkedBooter.invokeProviderInSameClassLoader(ForkedBooter.java:203)
	at org.apache.maven.surefire.booter.ForkedBooter.runSuitesInProcess(ForkedBooter.java:155)
	at org.apache.maven.surefire.booter.ForkedBooter.main(ForkedBooter.java:103)
Caused by: java.lang.NullPointerException: null
	at org.springframework.cloud.sleuth.instrument.web.client.RestTemplateInterceptorInjector.inject(TraceWebClientAutoConfiguration.java:170)
	at org.springframework.cloud.sleuth.instrument.web.client.TraceWebClientAutoConfiguration$TraceInterceptorConfiguration.init(TraceWebClientAutoConfiguration.java:110)
	at sun.reflect.NativeMethodAccessorImpl.invoke0(Native Method)
	at sun.reflect.NativeMethodAccessorImpl.invoke(NativeMethodAccessorImpl.java:62)
	at sun.reflect.DelegatingMethodAccessorImpl.invoke(DelegatingMethodAccessorImpl.java:43)
	at java.lang.reflect.Method.invoke(Method.java:483)
	at org.springframework.beans.factory.annotation.InitDestroyAnnotationBeanPostProcessor$LifecycleElement.invoke(InitDestroyAnnotationBeanPostProcessor.java:366)
	at org.springframework.beans.factory.annotation.InitDestroyAnnotationBeanPostProcessor$LifecycleMetadata.invokeInitMethods(InitDestroyAnnotationBeanPostProcessor.java:311)
	at org.springframework.beans.factory.annotation.InitDestroyAnnotationBeanPostProcessor.postProcessBeforeInitialization(InitDestroyAnnotationBeanPostProcessor.java:134)
	at org.springframework.beans.factory.support.AbstractAutowireCapableBeanFactory.applyBeanPostProcessorsBeforeInitialization(AbstractAutowireCapableBeanFactory.java:409)
	at org.springframework.beans.factory.support.AbstractAutowireCapableBeanFactory.initializeBean(AbstractAutowireCapableBeanFactory.java:1620)
	at org.springframework.beans.factory.support.AbstractAutowireCapableBeanFactory.doCreateBean(AbstractAutowireCapableBeanFactory.java:555)
	at org.springframework.beans.factory.support.AbstractAutowireCapableBeanFactory.createBean(AbstractAutowireCapableBeanFactory.java:483)
	at org.springframework.beans.factory.support.AbstractBeanFactory$1.getObject(AbstractBeanFactory.java:306)
	at org.springframework.beans.factory.support.DefaultSingletonBeanRegistry.getSingleton(DefaultSingletonBeanRegistry.java:230)
	at org.springframework.beans.factory.support.AbstractBeanFactory.doGetBean(AbstractBeanFactory.java:302)
	at org.springframework.beans.factory.support.AbstractBeanFactory.getBean(AbstractBeanFactory.java:197)
	at org.springframework.beans.factory.support.DefaultListableBeanFactory.preInstantiateSingletons(DefaultListableBeanFactory.java:761)
	at org.springframework.context.support.AbstractApplicationContext.finishBeanFactoryInitialization(AbstractApplicationContext.java:867)
	at org.springframework.context.support.AbstractApplicationContext.refresh(AbstractApplicationContext.java:543)
	at org.springframework.boot.SpringApplication.refresh(SpringApplication.java:693)
	at org.springframework.boot.SpringApplication.refreshContext(SpringApplication.java:360)
	at org.springframework.boot.SpringApplication.run(SpringApplication.java:303)
	at org.springframework.boot.test.context.SpringBootContextLoader.loadContext(SpringBootContextLoader.java:120)
	at org.springframework.test.context.cache.DefaultCacheAwareContextLoaderDelegate.loadContextInternal(DefaultCacheAwareContextLoaderDelegate.java:98)
	at org.springframework.test.context.cache.DefaultCacheAwareContextLoaderDelegate.loadContext(DefaultCacheAwareContextLoaderDelegate.java:116)
	at org.springframework.test.context.support.DefaultTestContext.getApplicationContext(DefaultTestContext.java:83)
	at org.springframework.test.context.web.ServletTestExecutionListener.setUpRequestContextIfNecessary(ServletTestExecutionListener.java:189)
	at org.springframework.test.context.web.ServletTestExecutionListener.prepareTestInstance(ServletTestExecutionListener.java:131)
	at org.springframework.test.context.TestContextManager.prepareTestInstance(TestContextManager.java:230)
	at org.springframework.test.context.junit4.SpringJUnit4ClassRunner.createTest(SpringJUnit4ClassRunner.java:228)
	at org.springframework.test.context.junit4.SpringJUnit4ClassRunner$1.runReflectiveCall(SpringJUnit4ClassRunner.java:287)
	at org.junit.internal.runners.model.ReflectiveCallable.run(ReflectiveCallable.java:12)
	at org.springframework.test.context.junit4.SpringJUnit4ClassRunner.methodBlock(SpringJUnit4ClassRunner.java:289)
	at org.springframework.test.context.junit4.SpringJUnit4ClassRunner.runChild(SpringJUnit4ClassRunner.java:247)
	at org.springframework.test.context.junit4.SpringJUnit4ClassRunner.runChild(SpringJUnit4ClassRunner.java:94)
	at org.junit.runners.ParentRunner$3.run(ParentRunner.java:290)
	at org.junit.runners.ParentRunner$1.schedule(ParentRunner.java:71)
	at org.junit.runners.ParentRunner.runChildren(ParentRunner.java:288)
	at org.junit.runners.ParentRunner.access$000(ParentRunner.java:58)
	at org.junit.runners.ParentRunner$2.evaluate(ParentRunner.java:268)
	at org.springframework.test.context.junit4.statements.RunBeforeTestClassCallbacks.evaluate(RunBeforeTestClassCallbacks.java:61)
	at org.springframework.test.context.junit4.statements.RunAfterTestClassCallbacks.evaluate(RunAfterTestClassCallbacks.java:70)
	at org.junit.runners.ParentRunner.run(ParentRunner.java:363)
	at org.springframework.test.context.junit4.SpringJUnit4ClassRunner.run(SpringJUnit4ClassRunner.java:191)
	at org.apache.maven.surefire.junit4.JUnit4Provider.execute(JUnit4Provider.java:283)
	at org.apache.maven.surefire.junit4.JUnit4Provider.executeWithRerun(JUnit4Provider.java:173)
	at org.apache.maven.surefire.junit4.JUnit4Provider.executeTestSet(JUnit4Provider.java:153)
	at org.apache.maven.surefire.junit4.JUnit4Provider.invoke(JUnit4Provider.java:128)
	at org.apache.maven.surefire.booter.ForkedBooter.invokeProviderInSameClassLoader(ForkedBooter.java:203)
	at org.apache.maven.surefire.booter.ForkedBooter.runSuitesInProcess(ForkedBooter.java:155)
	at org.apache.maven.surefire.booter.ForkedBooter.main(ForkedBooter.java:103)
</error>
    <system-out><![CDATA[17:14:13.073 [main] DEBUG org.springframework.test.context.junit4.SpringJUnit4ClassRunner - SpringJUnit4ClassRunner constructor called with [class com.southgis.test.serviceziphi.ServiceZiphiApplicationTests]
17:14:13.088 [main] DEBUG org.springframework.test.context.BootstrapUtils - Instantiating CacheAwareContextLoaderDelegate from class [org.springframework.test.context.cache.DefaultCacheAwareContextLoaderDelegate]
17:14:13.114 [main] DEBUG org.springframework.test.context.BootstrapUtils - Instantiating BootstrapContext using constructor [public org.springframework.test.context.support.DefaultBootstrapContext(java.lang.Class,org.springframework.test.context.CacheAwareContextLoaderDelegate)]
17:14:13.141 [main] DEBUG org.springframework.test.context.BootstrapUtils - Instantiating TestContextBootstrapper for test class [com.southgis.test.serviceziphi.ServiceZiphiApplicationTests] from class [org.springframework.boot.test.context.SpringBootTestContextBootstrapper]
17:14:13.164 [main] INFO org.springframework.boot.test.context.SpringBootTestContextBootstrapper - Neither @ContextConfiguration nor @ContextHierarchy found for test class [com.southgis.test.serviceziphi.ServiceZiphiApplicationTests], using SpringBootContextLoader
17:14:13.170 [main] DEBUG org.springframework.test.context.support.AbstractContextLoader - Did not detect default resource location for test class [com.southgis.test.serviceziphi.ServiceZiphiApplicationTests]: class path resource [com/southgis/test/serviceziphi/ServiceZiphiApplicationTests-context.xml] does not exist
17:14:13.171 [main] DEBUG org.springframework.test.context.support.AbstractContextLoader - Did not detect default resource location for test class [com.southgis.test.serviceziphi.ServiceZiphiApplicationTests]: class path resource [com/southgis/test/serviceziphi/ServiceZiphiApplicationTestsContext.groovy] does not exist
17:14:13.171 [main] INFO org.springframework.test.context.support.AbstractContextLoader - Could not detect default resource locations for test class [com.southgis.test.serviceziphi.ServiceZiphiApplicationTests]: no resource found for suffixes {-context.xml, Context.groovy}.
17:14:13.173 [main] INFO org.springframework.test.context.support.AnnotationConfigContextLoaderUtils - Could not detect default configuration classes for test class [com.southgis.test.serviceziphi.ServiceZiphiApplicationTests]: ServiceZiphiApplicationTests does not declare any static, non-private, non-final, nested classes annotated with @Configuration.
17:14:13.246 [main] DEBUG org.springframework.test.context.support.ActiveProfilesUtils - Could not find an 'annotation declaring class' for annotation type [org.springframework.test.context.ActiveProfiles] and class [com.southgis.test.serviceziphi.ServiceZiphiApplicationTests]
17:14:13.265 [main] DEBUG org.springframework.core.env.StandardEnvironment - Adding PropertySource 'systemProperties' with lowest search precedence
17:14:13.268 [main] DEBUG org.springframework.core.env.StandardEnvironment - Adding PropertySource 'systemEnvironment' with lowest search precedence
17:14:13.269 [main] DEBUG org.springframework.core.env.StandardEnvironment - Initialized StandardEnvironment with PropertySources [MapPropertySource@81009902 {name='systemProperties', properties={idea.version=2017.3.5, java.runtime.name=Java(TM) SE Runtime Environment, sun.boot.library.path=D:\dev\tools\apps\Java\jdk1.8.0_31\jre\bin, java.vm.version=25.31-b07, java.vm.vendor=Oracle Corporation, java.vendor.url=http://java.oracle.com/, path.separator=;, java.vm.name=Java HotSpot(TM) 64-Bit Server VM, file.encoding.pkg=sun.io, user.country=CN, user.script=, sun.java.launcher=SUN_STANDARD, sun.os.patch.level=, java.vm.specification.name=Java Virtual Machine Specification, user.dir=E:\myproject\service-ziphi, java.runtime.version=1.8.0_31-b13, basedir=E:\myproject\service-ziphi, java.awt.graphicsenv=sun.awt.Win32GraphicsEnvironment, java.endorsed.dirs=D:\dev\tools\apps\Java\jdk1.8.0_31\jre\lib\endorsed, os.arch=amd64, surefire.real.class.path=E:\myproject\service-ziphi\target\surefire\surefirebooter4752300645136717500.jar, java.io.tmpdir=C:\Users\simon\AppData\Local\Temp\, line.separator=
, java.vm.specification.vendor=Oracle Corporation, user.variant=, os.name=Windows 8.1, sun.jnu.encoding=GBK, java.library.path=D:\dev\tools\apps\Java\jdk1.8.0_31\jre\bin;C:\WINDOWS\Sun\Java\bin;C:\WINDOWS\system32;C:\WINDOWS;C:\WINDOWS\system32;C:\WINDOWS;C:\WINDOWS\System32\Wbem;C:\WINDOWS\System32\WindowsPowerShell\v1.0\;C:\Users\simon\AppData\Local\Microsoft\WindowsApps;D:\dev\tools\apps\Java\jdk1.8.0_31\bin;D:\dev\tools\apps\maven\bin;D:\dev\tools\apps\svn\bin;C:\Users\simon\AppData\Local\Microsoft\WindowsApps;;., surefire.test.class.path=E:\myproject\service-ziphi\target\test-classes;E:\myproject\service-ziphi\target\classes;D:\dev\tools\apps\maven\.m2\repository\org\springframework\boot\spring-boot-starter-web\1.5.10.RELEASE\spring-boot-starter-web-1.5.10.RELEASE.jar;D:\dev\tools\apps\maven\.m2\repository\org\springframework\boot\spring-boot-starter\1.5.10.RELEASE\spring-boot-starter-1.5.10.RELEASE.jar;D:\dev\tools\apps\maven\.m2\repository\org\springframework\boot\spring-boot\1.5.10.RELEASE\spring-boot-1.5.10.RELEASE.jar;D:\dev\tools\apps\maven\.m2\repository\org\springframework\boot\spring-boot-autoconfigure\1.5.10.RELEASE\spring-boot-autoconfigure-1.5.10.RELEASE.jar;D:\dev\tools\apps\maven\.m2\repository\org\springframework\boot\spring-boot-starter-logging\1.5.10.RELEASE\spring-boot-starter-logging-1.5.10.RELEASE.jar;D:\dev\tools\apps\maven\.m2\repository\ch\qos\logback\logback-classic\1.1.11\logback-classic-1.1.11.jar;D:\dev\tools\apps\maven\.m2\repository\ch\qos\logback\logback-core\1.1.11\logback-core-1.1.11.jar;D:\dev\tools\apps\maven\.m2\repository\org\slf4j\jcl-over-slf4j\1.7.25\jcl-over-slf4j-1.7.25.jar;D:\dev\tools\apps\maven\.m2\repository\org\slf4j\jul-to-slf4j\1.7.25\jul-to-slf4j-1.7.25.jar;D:\dev\tools\apps\maven\.m2\repository\org\slf4j\log4j-over-slf4j\1.7.25\log4j-over-slf4j-1.7.25.jar;D:\dev\tools\apps\maven\.m2\repository\org\yaml\snakeyaml\1.17\snakeyaml-1.17.jar;D:\dev\tools\apps\maven\.m2\repository\org\springframework\boot\spring-boot-starter-tomcat\1.5.10.RELEASE\spring-boot-starter-tomcat-1.5.10.RELEASE.jar;D:\dev\tools\apps\maven\.m2\repository\org\apache\tomcat\embed\tomcat-embed-core\8.5.27\tomcat-embed-core-8.5.27.jar;D:\dev\tools\apps\maven\.m2\repository\org\apache\tomcat\tomcat-annotations-api\8.5.27\tomcat-annotations-api-8.5.27.jar;D:\dev\tools\apps\maven\.m2\repository\org\apache\tomcat\embed\tomcat-embed-el\8.5.27\tomcat-embed-el-8.5.27.jar;D:\dev\tools\apps\maven\.m2\repository\org\apache\tomcat\embed\tomcat-embed-websocket\8.5.27\tomcat-embed-websocket-8.5.27.jar;D:\dev\tools\apps\maven\.m2\repository\org\hibernate\hibernate-validator\5.3.6.Final\hibernate-validator-5.3.6.Final.jar;D:\dev\tools\apps\maven\.m2\repository\javax\validation\validation-api\1.1.0.Final\validation-api-1.1.0.Final.jar;D:\dev\tools\apps\maven\.m2\repository\org\jboss\logging\jboss-logging\3.3.1.Final\jboss-logging-3.3.1.Final.jar;D:\dev\tools\apps\maven\.m2\repository\com\fasterxml\classmate\1.3.4\classmate-1.3.4.jar;D:\dev\tools\apps\maven\.m2\repository\com\fasterxml\jackson\core\jackson-databind\2.8.10\jackson-databind-2.8.10.jar;D:\dev\tools\apps\maven\.m2\repository\com\fasterxml\jackson\core\jackson-annotations\2.8.0\jackson-annotations-2.8.0.jar;D:\dev\tools\apps\maven\.m2\repository\com\fasterxml\jackson\core\jackson-core\2.8.10\jackson-core-2.8.10.jar;D:\dev\tools\apps\maven\.m2\repository\org\springframework\spring-web\4.3.14.RELEASE\spring-web-4.3.14.RELEASE.jar;D:\dev\tools\apps\maven\.m2\repository\org\springframework\spring-aop\4.3.14.RELEASE\spring-aop-4.3.14.RELEASE.jar;D:\dev\tools\apps\maven\.m2\repository\org\springframework\spring-beans\4.3.14.RELEASE\spring-beans-4.3.14.RELEASE.jar;D:\dev\tools\apps\maven\.m2\repository\org\springframework\spring-context\4.3.14.RELEASE\spring-context-4.3.14.RELEASE.jar;D:\dev\tools\apps\maven\.m2\repository\org\springframework\spring-webmvc\4.3.14.RELEASE\spring-webmvc-4.3.14.RELEASE.jar;D:\dev\tools\apps\maven\.m2\repository\org\springframework\spring-expression\4.3.14.RELEASE\spring-expression-4.3.14.RELEASE.jar;D:\dev\tools\apps\maven\.m2\repository\org\springframework\cloud\spring-cloud-starter-zipkin\1.3.0.RELEASE\spring-cloud-starter-zipkin-1.3.0.RELEASE.jar;D:\dev\tools\apps\maven\.m2\repository\org\springframework\cloud\spring-cloud-starter-sleuth\1.3.0.RELEASE\spring-cloud-starter-sleuth-1.3.0.RELEASE.jar;D:\dev\tools\apps\maven\.m2\repository\org\springframework\cloud\spring-cloud-starter\1.3.0.RELEASE\spring-cloud-starter-1.3.0.RELEASE.jar;D:\dev\tools\apps\maven\.m2\repository\org\springframework\cloud\spring-cloud-context\1.3.0.RELEASE\spring-cloud-context-1.3.0.RELEASE.jar;D:\dev\tools\apps\maven\.m2\repository\org\springframework\security\spring-security-rsa\1.0.3.RELEASE\spring-security-rsa-1.0.3.RELEASE.jar;D:\dev\tools\apps\maven\.m2\repository\org\bouncycastle\bcpkix-jdk15on\1.55\bcpkix-jdk15on-1.55.jar;D:\dev\tools\apps\maven\.m2\repository\org\bouncycastle\bcprov-jdk15on\1.55\bcprov-jdk15on-1.55.jar;D:\dev\tools\apps\maven\.m2\repository\org\springframework\boot\spring-boot-starter-aop\1.5.10.RELEASE\spring-boot-starter-aop-1.5.10.RELEASE.jar;D:\dev\tools\apps\maven\.m2\repository\org\aspectj\aspectjweaver\1.8.13\aspectjweaver-1.8.13.jar;D:\dev\tools\apps\maven\.m2\repository\org\springframework\cloud\spring-cloud-sleuth-core\1.3.0.RELEASE\spring-cloud-sleuth-core-1.3.0.RELEASE.jar;D:\dev\tools\apps\maven\.m2\repository\org\aspectj\aspectjrt\1.8.13\aspectjrt-1.8.13.jar;D:\dev\tools\apps\maven\.m2\repository\org\springframework\cloud\spring-cloud-sleuth-zipkin\1.3.0.RELEASE\spring-cloud-sleuth-zipkin-1.3.0.RELEASE.jar;D:\dev\tools\apps\maven\.m2\repository\org\springframework\cloud\spring-cloud-commons\1.3.0.RELEASE\spring-cloud-commons-1.3.0.RELEASE.jar;D:\dev\tools\apps\maven\.m2\repository\org\springframework\security\spring-security-crypto\4.2.4.RELEASE\spring-security-crypto-4.2.4.RELEASE.jar;D:\dev\tools\apps\maven\.m2\repository\org\apache\httpcomponents\httpclient\4.5.5\httpclient-4.5.5.jar;D:\dev\tools\apps\maven\.m2\repository\org\apache\httpcomponents\httpcore\4.4.9\httpcore-4.4.9.jar;D:\dev\tools\apps\maven\.m2\repository\commons-codec\commons-codec\1.10\commons-codec-1.10.jar;D:\dev\tools\apps\maven\.m2\repository\io\zipkin\zipkin2\zipkin\2.3.1\zipkin-2.3.1.jar;D:\dev\tools\apps\maven\.m2\repository\io\zipkin\reporter2\zipkin-reporter\2.1.4\zipkin-reporter-2.1.4.jar;D:\dev\tools\apps\maven\.m2\repository\io\zipkin\reporter2\zipkin-sender-kafka11\2.1.4\zipkin-sender-kafka11-2.1.4.jar;D:\dev\tools\apps\maven\.m2\repository\io\zipkin\reporter2\zipkin-sender-amqp-client\2.1.4\zipkin-sender-amqp-client-2.1.4.jar;D:\dev\tools\apps\maven\.m2\repository\org\springframework\boot\spring-boot-starter-test\1.5.10.RELEASE\spring-boot-starter-test-1.5.10.RELEASE.jar;D:\dev\tools\apps\maven\.m2\repository\org\springframework\boot\spring-boot-test\1.5.10.RELEASE\spring-boot-test-1.5.10.RELEASE.jar;D:\dev\tools\apps\maven\.m2\repository\org\springframework\boot\spring-boot-test-autoconfigure\1.5.10.RELEASE\spring-boot-test-autoconfigure-1.5.10.RELEASE.jar;D:\dev\tools\apps\maven\.m2\repository\com\jayway\jsonpath\json-path\2.2.0\json-path-2.2.0.jar;D:\dev\tools\apps\maven\.m2\repository\net\minidev\json-smart\2.2.1\json-smart-2.2.1.jar;D:\dev\tools\apps\maven\.m2\repository\net\minidev\accessors-smart\1.1\accessors-smart-1.1.jar;D:\dev\tools\apps\maven\.m2\repository\org\ow2\asm\asm\5.0.3\asm-5.0.3.jar;D:\dev\tools\apps\maven\.m2\repository\org\slf4j\slf4j-api\1.7.25\slf4j-api-1.7.25.jar;D:\dev\tools\apps\maven\.m2\repository\junit\junit\4.12\junit-4.12.jar;D:\dev\tools\apps\maven\.m2\repository\org\assertj\assertj-core\2.6.0\assertj-core-2.6.0.jar;D:\dev\tools\apps\maven\.m2\repository\org\mockito\mockito-core\1.10.19\mockito-core-1.10.19.jar;D:\dev\tools\apps\maven\.m2\repository\org\objenesis\objenesis\2.1\objenesis-2.1.jar;D:\dev\tools\apps\maven\.m2\repository\org\hamcrest\hamcrest-core\1.3\hamcrest-core-1.3.jar;D:\dev\tools\apps\maven\.m2\repository\org\hamcrest\hamcrest-library\1.3\hamcrest-library-1.3.jar;D:\dev\tools\apps\maven\.m2\repository\org\skyscreamer\jsonassert\1.4.0\jsonassert-1.4.0.jar;D:\dev\tools\apps\maven\.m2\repository\com\vaadin\external\google\android-json\0.0.20131108.vaadin1\android-json-0.0.20131108.vaadin1.jar;D:\dev\tools\apps\maven\.m2\repository\org\springframework\spring-core\4.3.14.RELEASE\spring-core-4.3.14.RELEASE.jar;D:\dev\tools\apps\maven\.m2\repository\org\springframework\spring-test\4.3.14.RELEASE\spring-test-4.3.14.RELEASE.jar;, java.specification.name=Java Platform API Specification, java.class.version=52.0, sun.management.compiler=HotSpot 64-Bit Tiered Compilers, os.version=6.3, user.home=C:\Users\simon, user.timezone=Asia/Shanghai, java.awt.printerjob=sun.awt.windows.WPrinterJob, file.encoding=GBK, java.specification.version=1.8, java.class.path=E:\myproject\service-ziphi\target\test-classes;E:\myproject\service-ziphi\target\classes;D:\dev\tools\apps\maven\.m2\repository\org\springframework\boot\spring-boot-starter-web\1.5.10.RELEASE\spring-boot-starter-web-1.5.10.RELEASE.jar;D:\dev\tools\apps\maven\.m2\repository\org\springframework\boot\spring-boot-starter\1.5.10.RELEASE\spring-boot-starter-1.5.10.RELEASE.jar;D:\dev\tools\apps\maven\.m2\repository\org\springframework\boot\spring-boot\1.5.10.RELEASE\spring-boot-1.5.10.RELEASE.jar;D:\dev\tools\apps\maven\.m2\repository\org\springframework\boot\spring-boot-autoconfigure\1.5.10.RELEASE\spring-boot-autoconfigure-1.5.10.RELEASE.jar;D:\dev\tools\apps\maven\.m2\repository\org\springframework\boot\spring-boot-starter-logging\1.5.10.RELEASE\spring-boot-starter-logging-1.5.10.RELEASE.jar;D:\dev\tools\apps\maven\.m2\repository\ch\qos\logback\logback-classic\1.1.11\logback-classic-1.1.11.jar;D:\dev\tools\apps\maven\.m2\repository\ch\qos\logback\logback-core\1.1.11\logback-core-1.1.11.jar;D:\dev\tools\apps\maven\.m2\repository\org\slf4j\jcl-over-slf4j\1.7.25\jcl-over-slf4j-1.7.25.jar;D:\dev\tools\apps\maven\.m2\repository\org\slf4j\jul-to-slf4j\1.7.25\jul-to-slf4j-1.7.25.jar;D:\dev\tools\apps\maven\.m2\repository\org\slf4j\log4j-over-slf4j\1.7.25\log4j-over-slf4j-1.7.25.jar;D:\dev\tools\apps\maven\.m2\repository\org\yaml\snakeyaml\1.17\snakeyaml-1.17.jar;D:\dev\tools\apps\maven\.m2\repository\org\springframework\boot\spring-boot-starter-tomcat\1.5.10.RELEASE\spring-boot-starter-tomcat-1.5.10.RELEASE.jar;D:\dev\tools\apps\maven\.m2\repository\org\apache\tomcat\embed\tomcat-embed-core\8.5.27\tomcat-embed-core-8.5.27.jar;D:\dev\tools\apps\maven\.m2\repository\org\apache\tomcat\tomcat-annotations-api\8.5.27\tomcat-annotations-api-8.5.27.jar;D:\dev\tools\apps\maven\.m2\repository\org\apache\tomcat\embed\tomcat-embed-el\8.5.27\tomcat-embed-el-8.5.27.jar;D:\dev\tools\apps\maven\.m2\repository\org\apache\tomcat\embed\tomcat-embed-websocket\8.5.27\tomcat-embed-websocket-8.5.27.jar;D:\dev\tools\apps\maven\.m2\repository\org\hibernate\hibernate-validator\5.3.6.Final\hibernate-validator-5.3.6.Final.jar;D:\dev\tools\apps\maven\.m2\repository\javax\validation\validation-api\1.1.0.Final\validation-api-1.1.0.Final.jar;D:\dev\tools\apps\maven\.m2\repository\org\jboss\logging\jboss-logging\3.3.1.Final\jboss-logging-3.3.1.Final.jar;D:\dev\tools\apps\maven\.m2\repository\com\fasterxml\classmate\1.3.4\classmate-1.3.4.jar;D:\dev\tools\apps\maven\.m2\repository\com\fasterxml\jackson\core\jackson-databind\2.8.10\jackson-databind-2.8.10.jar;D:\dev\tools\apps\maven\.m2\repository\com\fasterxml\jackson\core\jackson-annotations\2.8.0\jackson-annotations-2.8.0.jar;D:\dev\tools\apps\maven\.m2\repository\com\fasterxml\jackson\core\jackson-core\2.8.10\jackson-core-2.8.10.jar;D:\dev\tools\apps\maven\.m2\repository\org\springframework\spring-web\4.3.14.RELEASE\spring-web-4.3.14.RELEASE.jar;D:\dev\tools\apps\maven\.m2\repository\org\springframework\spring-aop\4.3.14.RELEASE\spring-aop-4.3.14.RELEASE.jar;D:\dev\tools\apps\maven\.m2\repository\org\springframework\spring-beans\4.3.14.RELEASE\spring-beans-4.3.14.RELEASE.jar;D:\dev\tools\apps\maven\.m2\repository\org\springframework\spring-context\4.3.14.RELEASE\spring-context-4.3.14.RELEASE.jar;D:\dev\tools\apps\maven\.m2\repository\org\springframework\spring-webmvc\4.3.14.RELEASE\spring-webmvc-4.3.14.RELEASE.jar;D:\dev\tools\apps\maven\.m2\repository\org\springframework\spring-expression\4.3.14.RELEASE\spring-expression-4.3.14.RELEASE.jar;D:\dev\tools\apps\maven\.m2\repository\org\springframework\cloud\spring-cloud-starter-zipkin\1.3.0.RELEASE\spring-cloud-starter-zipkin-1.3.0.RELEASE.jar;D:\dev\tools\apps\maven\.m2\repository\org\springframework\cloud\spring-cloud-starter-sleuth\1.3.0.RELEASE\spring-cloud-starter-sleuth-1.3.0.RELEASE.jar;D:\dev\tools\apps\maven\.m2\repository\org\springframework\cloud\spring-cloud-starter\1.3.0.RELEASE\spring-cloud-starter-1.3.0.RELEASE.jar;D:\dev\tools\apps\maven\.m2\repository\org\springframework\cloud\spring-cloud-context\1.3.0.RELEASE\spring-cloud-context-1.3.0.RELEASE.jar;D:\dev\tools\apps\maven\.m2\repository\org\springframework\security\spring-security-rsa\1.0.3.RELEASE\spring-security-rsa-1.0.3.RELEASE.jar;D:\dev\tools\apps\maven\.m2\repository\org\bouncycastle\bcpkix-jdk15on\1.55\bcpkix-jdk15on-1.55.jar;D:\dev\tools\apps\maven\.m2\repository\org\bouncycastle\bcprov-jdk15on\1.55\bcprov-jdk15on-1.55.jar;D:\dev\tools\apps\maven\.m2\repository\org\springframework\boot\spring-boot-starter-aop\1.5.10.RELEASE\spring-boot-starter-aop-1.5.10.RELEASE.jar;D:\dev\tools\apps\maven\.m2\repository\org\aspectj\aspectjweaver\1.8.13\aspectjweaver-1.8.13.jar;D:\dev\tools\apps\maven\.m2\repository\org\springframework\cloud\spring-cloud-sleuth-core\1.3.0.RELEASE\spring-cloud-sleuth-core-1.3.0.RELEASE.jar;D:\dev\tools\apps\maven\.m2\repository\org\aspectj\aspectjrt\1.8.13\aspectjrt-1.8.13.jar;D:\dev\tools\apps\maven\.m2\repository\org\springframework\cloud\spring-cloud-sleuth-zipkin\1.3.0.RELEASE\spring-cloud-sleuth-zipkin-1.3.0.RELEASE.jar;D:\dev\tools\apps\maven\.m2\repository\org\springframework\cloud\spring-cloud-commons\1.3.0.RELEASE\spring-cloud-commons-1.3.0.RELEASE.jar;D:\dev\tools\apps\maven\.m2\repository\org\springframework\security\spring-security-crypto\4.2.4.RELEASE\spring-security-crypto-4.2.4.RELEASE.jar;D:\dev\tools\apps\maven\.m2\repository\org\apache\httpcomponents\httpclient\4.5.5\httpclient-4.5.5.jar;D:\dev\tools\apps\maven\.m2\repository\org\apache\httpcomponents\httpcore\4.4.9\httpcore-4.4.9.jar;D:\dev\tools\apps\maven\.m2\repository\commons-codec\commons-codec\1.10\commons-codec-1.10.jar;D:\dev\tools\apps\maven\.m2\repository\io\zipkin\zipkin2\zipkin\2.3.1\zipkin-2.3.1.jar;D:\dev\tools\apps\maven\.m2\repository\io\zipkin\reporter2\zipkin-reporter\2.1.4\zipkin-reporter-2.1.4.jar;D:\dev\tools\apps\maven\.m2\repository\io\zipkin\reporter2\zipkin-sender-kafka11\2.1.4\zipkin-sender-kafka11-2.1.4.jar;D:\dev\tools\apps\maven\.m2\repository\io\zipkin\reporter2\zipkin-sender-amqp-client\2.1.4\zipkin-sender-amqp-client-2.1.4.jar;D:\dev\tools\apps\maven\.m2\repository\org\springframework\boot\spring-boot-starter-test\1.5.10.RELEASE\spring-boot-starter-test-1.5.10.RELEASE.jar;D:\dev\tools\apps\maven\.m2\repository\org\springframework\boot\spring-boot-test\1.5.10.RELEASE\spring-boot-test-1.5.10.RELEASE.jar;D:\dev\tools\apps\maven\.m2\repository\org\springframework\boot\spring-boot-test-autoconfigure\1.5.10.RELEASE\spring-boot-test-autoconfigure-1.5.10.RELEASE.jar;D:\dev\tools\apps\maven\.m2\repository\com\jayway\jsonpath\json-path\2.2.0\json-path-2.2.0.jar;D:\dev\tools\apps\maven\.m2\repository\net\minidev\json-smart\2.2.1\json-smart-2.2.1.jar;D:\dev\tools\apps\maven\.m2\repository\net\minidev\accessors-smart\1.1\accessors-smart-1.1.jar;D:\dev\tools\apps\maven\.m2\repository\org\ow2\asm\asm\5.0.3\asm-5.0.3.jar;D:\dev\tools\apps\maven\.m2\repository\org\slf4j\slf4j-api\1.7.25\slf4j-api-1.7.25.jar;D:\dev\tools\apps\maven\.m2\repository\junit\junit\4.12\junit-4.12.jar;D:\dev\tools\apps\maven\.m2\repository\org\assertj\assertj-core\2.6.0\assertj-core-2.6.0.jar;D:\dev\tools\apps\maven\.m2\repository\org\mockito\mockito-core\1.10.19\mockito-core-1.10.19.jar;D:\dev\tools\apps\maven\.m2\repository\org\objenesis\objenesis\2.1\objenesis-2.1.jar;D:\dev\tools\apps\maven\.m2\repository\org\hamcrest\hamcrest-core\1.3\hamcrest-core-1.3.jar;D:\dev\tools\apps\maven\.m2\repository\org\hamcrest\hamcrest-library\1.3\hamcrest-library-1.3.jar;D:\dev\tools\apps\maven\.m2\repository\org\skyscreamer\jsonassert\1.4.0\jsonassert-1.4.0.jar;D:\dev\tools\apps\maven\.m2\repository\com\vaadin\external\google\android-json\0.0.20131108.vaadin1\android-json-0.0.20131108.vaadin1.jar;D:\dev\tools\apps\maven\.m2\repository\org\springframework\spring-core\4.3.14.RELEASE\spring-core-4.3.14.RELEASE.jar;D:\dev\tools\apps\maven\.m2\repository\org\springframework\spring-test\4.3.14.RELEASE\spring-test-4.3.14.RELEASE.jar;, user.name=simon, java.vm.specification.version=1.8, sun.java.command=E:\myproject\service-ziphi\target\surefire\surefirebooter4752300645136717500.jar E:\myproject\service-ziphi\target\surefire\surefire783864520833711201tmp E:\myproject\service-ziphi\target\surefire\surefire_03722303988882381267tmp, java.home=D:\dev\tools\apps\Java\jdk1.8.0_31\jre, sun.arch.data.model=64, user.language=zh, java.specification.vendor=Oracle Corporation, awt.toolkit=sun.awt.windows.WToolkit, java.vm.info=mixed mode, java.version=1.8.0_31, java.ext.dirs=D:\dev\tools\apps\Java\jdk1.8.0_31\jre\lib\ext;C:\WINDOWS\Sun\Java\lib\ext, sun.boot.class.path=D:\dev\tools\apps\Java\jdk1.8.0_31\jre\lib\resources.jar;D:\dev\tools\apps\Java\jdk1.8.0_31\jre\lib\rt.jar;D:\dev\tools\apps\Java\jdk1.8.0_31\jre\lib\sunrsasign.jar;D:\dev\tools\apps\Java\jdk1.8.0_31\jre\lib\jsse.jar;D:\dev\tools\apps\Java\jdk1.8.0_31\jre\lib\jce.jar;D:\dev\tools\apps\Java\jdk1.8.0_31\jre\lib\charsets.jar;D:\dev\tools\apps\Java\jdk1.8.0_31\jre\lib\jfr.jar;D:\dev\tools\apps\Java\jdk1.8.0_31\jre\classes, java.vendor=Oracle Corporation, localRepository=D:\dev\tools\apps\maven\.m2\repository, file.separator=\, java.vendor.url.bug=http://bugreport.sun.com/bugreport/, sun.io.unicode.encoding=UnicodeLittle, sun.cpu.endian=little, sun.desktop=windows, sun.cpu.isalist=amd64}}, SystemEnvironmentPropertySource@57748372 {name='systemEnvironment', properties={PATH=C:\WINDOWS\system32;C:\WINDOWS;C:\WINDOWS\System32\Wbem;C:\WINDOWS\System32\WindowsPowerShell\v1.0\;C:\Users\simon\AppData\Local\Microsoft\WindowsApps;D:\dev\tools\apps\Java\jdk1.8.0_31\bin;D:\dev\tools\apps\maven\bin;D:\dev\tools\apps\svn\bin;C:\Users\simon\AppData\Local\Microsoft\WindowsApps;, USERDOMAIN_ROAMINGPROFILE=DESKTOP-1L37PM6, LOCALAPPDATA=C:\Users\simon\AppData\Local, PROCESSOR_LEVEL=6, SYSTEMDRIVE=C:, COMMONPROGRAMFILES(X86)=C:\Program Files (x86)\Common Files, USERDOMAIN=DESKTOP-1L37PM6, LOGONSERVER=\\DESKTOP-1L37PM6, JAVA_HOME=D:\dev\tools\apps\Java\jdk1.8.0_31, PROMPT=$P$G, SESSIONNAME=Console, ALLUSERSPROFILE=C:\ProgramData, PROGRAMFILES(X86)=C:\Program Files (x86), PROCESSOR_ARCHITECTURE=AMD64, MAVEN_OPTS=-Xms128m -Xmx512m, =E:=E:\myproject\service-ziphi, PROGRAMFILES=C:\Program Files, APPDATA=C:\Users\simon\AppData\Roaming, PSMODULEPATH=C:\Program Files\WindowsPowerShell\Modules;C:\WINDOWS\system32\WindowsPowerShell\v1.0\Modules, PROGRAMW6432=C:\Program Files, PROGRAMDATA=C:\ProgramData, SYSTEMROOT=C:\WINDOWS, USERNAME=simon, ONEDRIVE=C:\Users\simon\OneDrive, PATHEXT=.COM;.EXE;.BAT;.CMD;.VBS;.VBE;.JS;.JSE;.WSF;.WSH;.MSC, OS=Windows_NT, COMMONPROGRAMW6432=C:\Program Files\Common Files, COMPUTERNAME=DESKTOP-1L37PM6, COMMONPROGRAMFILES=C:\Program Files\Common Files, COMSPEC=C:\WINDOWS\system32\cmd.exe, CATALINA_HOME=D:\dev\tools\apps\tomcat, PROCESSOR_REVISION=4e03, WINDIR=C:\WINDOWS, HOMEPATH=\Users\simon, TEMP=C:\Users\simon\AppData\Local\Temp, HOMEDRIVE=C:, PROCESSOR_IDENTIFIER=Intel64 Family 6 Model 78 Stepping 3, GenuineIntel, USERPROFILE=C:\Users\simon, TMP=C:\Users\simon\AppData\Local\Temp, M2_HOME=D:\dev\tools\apps\maven, PUBLIC=C:\Users\Public, NUMBER_OF_PROCESSORS=4, =::=::\}}]
17:14:13.296 [main] DEBUG org.springframework.core.io.support.PathMatchingResourcePatternResolver - Resolved classpath location [com/southgis/test/serviceziphi/] to resources [URL [file:/E:/myproject/service-ziphi/target/test-classes/com/southgis/test/serviceziphi/], URL [file:/E:/myproject/service-ziphi/target/classes/com/southgis/test/serviceziphi/]]
17:14:13.297 [main] DEBUG org.springframework.core.io.support.PathMatchingResourcePatternResolver - Looking for matching resources in directory tree [E:\myproject\service-ziphi\target\test-classes\com\southgis\test\serviceziphi]
17:14:13.301 [main] DEBUG org.springframework.core.io.support.PathMatchingResourcePatternResolver - Searching directory [E:\myproject\service-ziphi\target\test-classes\com\southgis\test\serviceziphi] for files matching pattern [E:/myproject/service-ziphi/target/test-classes/com/southgis/test/serviceziphi/*.class]
17:14:13.308 [main] DEBUG org.springframework.core.io.support.PathMatchingResourcePatternResolver - Looking for matching resources in directory tree [E:\myproject\service-ziphi\target\classes\com\southgis\test\serviceziphi]
17:14:13.308 [main] DEBUG org.springframework.core.io.support.PathMatchingResourcePatternResolver - Searching directory [E:\myproject\service-ziphi\target\classes\com\southgis\test\serviceziphi] for files matching pattern [E:/myproject/service-ziphi/target/classes/com/southgis/test/serviceziphi/*.class]
17:14:13.309 [main] DEBUG org.springframework.core.io.support.PathMatchingResourcePatternResolver - Resolved location pattern [classpath*:com/southgis/test/serviceziphi/*.class] to resources [file [E:\myproject\service-ziphi\target\test-classes\com\southgis\test\serviceziphi\ServiceZiphiApplicationTests.class], file [E:\myproject\service-ziphi\target\classes\com\southgis\test\serviceziphi\ServiceZiphiApplication.class]]
17:14:13.445 [main] DEBUG org.springframework.context.annotation.ClassPathScanningCandidateComponentProvider - Identified candidate component class: file [E:\myproject\service-ziphi\target\classes\com\southgis\test\serviceziphi\ServiceZiphiApplication.class]
17:14:13.447 [main] INFO org.springframework.boot.test.context.SpringBootTestContextBootstrapper - Found @SpringBootConfiguration com.southgis.test.serviceziphi.ServiceZiphiApplication for test class com.southgis.test.serviceziphi.ServiceZiphiApplicationTests
17:14:13.455 [main] DEBUG org.springframework.boot.test.context.SpringBootTestContextBootstrapper - @TestExecutionListeners is not present for class [com.southgis.test.serviceziphi.ServiceZiphiApplicationTests]: using defaults.
17:14:13.478 [main] INFO org.springframework.boot.test.context.SpringBootTestContextBootstrapper - Loaded default TestExecutionListener class names from location [META-INF/spring.factories]: [org.springframework.boot.test.mock.mockito.MockitoTestExecutionListener, org.springframework.boot.test.mock.mockito.ResetMocksTestExecutionListener, org.springframework.boot.test.autoconfigure.restdocs.RestDocsTestExecutionListener, org.springframework.boot.test.autoconfigure.web.client.MockRestServiceServerResetTestExecutionListener, org.springframework.boot.test.autoconfigure.web.servlet.MockMvcPrintOnlyOnFailureTestExecutionListener, org.springframework.boot.test.autoconfigure.web.servlet.WebDriverTestExecutionListener, org.springframework.test.context.web.ServletTestExecutionListener, org.springframework.test.context.support.DirtiesContextBeforeModesTestExecutionListener, org.springframework.test.context.support.DependencyInjectionTestExecutionListener, org.springframework.test.context.support.DirtiesContextTestExecutionListener, org.springframework.test.context.transaction.TransactionalTestExecutionListener, org.springframework.test.context.jdbc.SqlScriptsTestExecutionListener]
17:14:13.504 [main] DEBUG org.springframework.boot.test.context.SpringBootTestContextBootstrapper - Could not instantiate TestExecutionListener [org.springframework.test.context.transaction.TransactionalTestExecutionListener]. Specify custom listener classes or make the default listener classes (and their required dependencies) available. Offending class: [org/springframework/transaction/interceptor/TransactionAttributeSource]
17:14:13.505 [main] DEBUG org.springframework.boot.test.context.SpringBootTestContextBootstrapper - Could not instantiate TestExecutionListener [org.springframework.test.context.jdbc.SqlScriptsTestExecutionListener]. Specify custom listener classes or make the default listener classes (and their required dependencies) available. Offending class: [org/springframework/transaction/interceptor/TransactionAttribute]
17:14:13.505 [main] INFO org.springframework.boot.test.context.SpringBootTestContextBootstrapper - Using TestExecutionListeners: [org.springframework.test.context.web.ServletTestExecutionListener@25359ed8, org.springframework.test.context.support.DirtiesContextBeforeModesTestExecutionListener@21a947fe, org.springframework.boot.test.autoconfigure.SpringBootDependencyInjectionTestExecutionListener@5606c0b, org.springframework.test.context.support.DirtiesContextTestExecutionListener@80ec1f8, org.springframework.boot.test.mock.mockito.MockitoTestExecutionListener@1445d7f, org.springframework.boot.test.mock.mockito.ResetMocksTestExecutionListener@6a396c1e, org.springframework.boot.test.autoconfigure.restdocs.RestDocsTestExecutionListener@6c3f5566, org.springframework.boot.test.autoconfigure.web.client.MockRestServiceServerResetTestExecutionListener@12405818, org.springframework.boot.test.autoconfigure.web.servlet.MockMvcPrintOnlyOnFailureTestExecutionListener@314c508a, org.springframework.boot.test.autoconfigure.web.servlet.WebDriverTestExecutionListener@10b48321]
17:14:13.510 [main] DEBUG org.springframework.test.annotation.ProfileValueUtils - Retrieved @ProfileValueSourceConfiguration [null] for test class [com.southgis.test.serviceziphi.ServiceZiphiApplicationTests]
17:14:13.510 [main] DEBUG org.springframework.test.annotation.ProfileValueUtils - Retrieved ProfileValueSource type [class org.springframework.test.annotation.SystemProfileValueSource] for class [com.southgis.test.serviceziphi.ServiceZiphiApplicationTests]
17:14:13.514 [main] DEBUG org.springframework.test.context.junit4.SpringJUnit4ClassRunner - SpringJUnit4ClassRunner constructor called with [class com.southgis.test.serviceziphi.ServiceZiphiApplicationTests]
17:14:13.514 [main] DEBUG org.springframework.test.context.BootstrapUtils - Instantiating CacheAwareContextLoaderDelegate from class [org.springframework.test.context.cache.DefaultCacheAwareContextLoaderDelegate]
17:14:13.514 [main] DEBUG org.springframework.test.context.BootstrapUtils - Instantiating BootstrapContext using constructor [public org.springframework.test.context.support.DefaultBootstrapContext(java.lang.Class,org.springframework.test.context.CacheAwareContextLoaderDelegate)]
17:14:13.515 [main] DEBUG org.springframework.test.context.BootstrapUtils - Instantiating TestContextBootstrapper for test class [com.southgis.test.serviceziphi.ServiceZiphiApplicationTests] from class [org.springframework.boot.test.context.SpringBootTestContextBootstrapper]
17:14:13.515 [main] INFO org.springframework.boot.test.context.SpringBootTestContextBootstrapper - Neither @ContextConfiguration nor @ContextHierarchy found for test class [com.southgis.test.serviceziphi.ServiceZiphiApplicationTests], using SpringBootContextLoader
17:14:13.516 [main] DEBUG org.springframework.test.context.support.AbstractContextLoader - Did not detect default resource location for test class [com.southgis.test.serviceziphi.ServiceZiphiApplicationTests]: class path resource [com/southgis/test/serviceziphi/ServiceZiphiApplicationTests-context.xml] does not exist
17:14:13.517 [main] DEBUG org.springframework.test.context.support.AbstractContextLoader - Did not detect default resource location for test class [com.southgis.test.serviceziphi.ServiceZiphiApplicationTests]: class path resource [com/southgis/test/serviceziphi/ServiceZiphiApplicationTestsContext.groovy] does not exist
17:14:13.517 [main] INFO org.springframework.test.context.support.AbstractContextLoader - Could not detect default resource locations for test class [com.southgis.test.serviceziphi.ServiceZiphiApplicationTests]: no resource found for suffixes {-context.xml, Context.groovy}.
17:14:13.518 [main] INFO org.springframework.test.context.support.AnnotationConfigContextLoaderUtils - Could not detect default configuration classes for test class [com.southgis.test.serviceziphi.ServiceZiphiApplicationTests]: ServiceZiphiApplicationTests does not declare any static, non-private, non-final, nested classes annotated with @Configuration.
17:14:13.528 [main] DEBUG org.springframework.test.context.support.ActiveProfilesUtils - Could not find an 'annotation declaring class' for annotation type [org.springframework.test.context.ActiveProfiles] and class [com.southgis.test.serviceziphi.ServiceZiphiApplicationTests]
17:14:13.528 [main] DEBUG org.springframework.core.env.StandardEnvironment - Adding PropertySource 'systemProperties' with lowest search precedence
17:14:13.528 [main] DEBUG org.springframework.core.env.StandardEnvironment - Adding PropertySource 'systemEnvironment' with lowest search precedence
17:14:13.529 [main] DEBUG org.springframework.core.env.StandardEnvironment - Initialized StandardEnvironment with PropertySources [MapPropertySource@1059063940 {name='systemProperties', properties={idea.version=2017.3.5, java.runtime.name=Java(TM) SE Runtime Environment, sun.boot.library.path=D:\dev\tools\apps\Java\jdk1.8.0_31\jre\bin, java.vm.version=25.31-b07, java.vm.vendor=Oracle Corporation, java.vendor.url=http://java.oracle.com/, path.separator=;, java.vm.name=Java HotSpot(TM) 64-Bit Server VM, file.encoding.pkg=sun.io, user.country=CN, user.script=, sun.java.launcher=SUN_STANDARD, sun.os.patch.level=, java.vm.specification.name=Java Virtual Machine Specification, user.dir=E:\myproject\service-ziphi, java.runtime.version=1.8.0_31-b13, basedir=E:\myproject\service-ziphi, java.awt.graphicsenv=sun.awt.Win32GraphicsEnvironment, java.endorsed.dirs=D:\dev\tools\apps\Java\jdk1.8.0_31\jre\lib\endorsed, os.arch=amd64, surefire.real.class.path=E:\myproject\service-ziphi\target\surefire\surefirebooter4752300645136717500.jar, java.io.tmpdir=C:\Users\simon\AppData\Local\Temp\, line.separator=
, java.vm.specification.vendor=Oracle Corporation, user.variant=, os.name=Windows 8.1, sun.jnu.encoding=GBK, java.library.path=D:\dev\tools\apps\Java\jdk1.8.0_31\jre\bin;C:\WINDOWS\Sun\Java\bin;C:\WINDOWS\system32;C:\WINDOWS;C:\WINDOWS\system32;C:\WINDOWS;C:\WINDOWS\System32\Wbem;C:\WINDOWS\System32\WindowsPowerShell\v1.0\;C:\Users\simon\AppData\Local\Microsoft\WindowsApps;D:\dev\tools\apps\Java\jdk1.8.0_31\bin;D:\dev\tools\apps\maven\bin;D:\dev\tools\apps\svn\bin;C:\Users\simon\AppData\Local\Microsoft\WindowsApps;;., surefire.test.class.path=E:\myproject\service-ziphi\target\test-classes;E:\myproject\service-ziphi\target\classes;D:\dev\tools\apps\maven\.m2\repository\org\springframework\boot\spring-boot-starter-web\1.5.10.RELEASE\spring-boot-starter-web-1.5.10.RELEASE.jar;D:\dev\tools\apps\maven\.m2\repository\org\springframework\boot\spring-boot-starter\1.5.10.RELEASE\spring-boot-starter-1.5.10.RELEASE.jar;D:\dev\tools\apps\maven\.m2\repository\org\springframework\boot\spring-boot\1.5.10.RELEASE\spring-boot-1.5.10.RELEASE.jar;D:\dev\tools\apps\maven\.m2\repository\org\springframework\boot\spring-boot-autoconfigure\1.5.10.RELEASE\spring-boot-autoconfigure-1.5.10.RELEASE.jar;D:\dev\tools\apps\maven\.m2\repository\org\springframework\boot\spring-boot-starter-logging\1.5.10.RELEASE\spring-boot-starter-logging-1.5.10.RELEASE.jar;D:\dev\tools\apps\maven\.m2\repository\ch\qos\logback\logback-classic\1.1.11\logback-classic-1.1.11.jar;D:\dev\tools\apps\maven\.m2\repository\ch\qos\logback\logback-core\1.1.11\logback-core-1.1.11.jar;D:\dev\tools\apps\maven\.m2\repository\org\slf4j\jcl-over-slf4j\1.7.25\jcl-over-slf4j-1.7.25.jar;D:\dev\tools\apps\maven\.m2\repository\org\slf4j\jul-to-slf4j\1.7.25\jul-to-slf4j-1.7.25.jar;D:\dev\tools\apps\maven\.m2\repository\org\slf4j\log4j-over-slf4j\1.7.25\log4j-over-slf4j-1.7.25.jar;D:\dev\tools\apps\maven\.m2\repository\org\yaml\snakeyaml\1.17\snakeyaml-1.17.jar;D:\dev\tools\apps\maven\.m2\repository\org\springframework\boot\spring-boot-starter-tomcat\1.5.10.RELEASE\spring-boot-starter-tomcat-1.5.10.RELEASE.jar;D:\dev\tools\apps\maven\.m2\repository\org\apache\tomcat\embed\tomcat-embed-core\8.5.27\tomcat-embed-core-8.5.27.jar;D:\dev\tools\apps\maven\.m2\repository\org\apache\tomcat\tomcat-annotations-api\8.5.27\tomcat-annotations-api-8.5.27.jar;D:\dev\tools\apps\maven\.m2\repository\org\apache\tomcat\embed\tomcat-embed-el\8.5.27\tomcat-embed-el-8.5.27.jar;D:\dev\tools\apps\maven\.m2\repository\org\apache\tomcat\embed\tomcat-embed-websocket\8.5.27\tomcat-embed-websocket-8.5.27.jar;D:\dev\tools\apps\maven\.m2\repository\org\hibernate\hibernate-validator\5.3.6.Final\hibernate-validator-5.3.6.Final.jar;D:\dev\tools\apps\maven\.m2\repository\javax\validation\validation-api\1.1.0.Final\validation-api-1.1.0.Final.jar;D:\dev\tools\apps\maven\.m2\repository\org\jboss\logging\jboss-logging\3.3.1.Final\jboss-logging-3.3.1.Final.jar;D:\dev\tools\apps\maven\.m2\repository\com\fasterxml\classmate\1.3.4\classmate-1.3.4.jar;D:\dev\tools\apps\maven\.m2\repository\com\fasterxml\jackson\core\jackson-databind\2.8.10\jackson-databind-2.8.10.jar;D:\dev\tools\apps\maven\.m2\repository\com\fasterxml\jackson\core\jackson-annotations\2.8.0\jackson-annotations-2.8.0.jar;D:\dev\tools\apps\maven\.m2\repository\com\fasterxml\jackson\core\jackson-core\2.8.10\jackson-core-2.8.10.jar;D:\dev\tools\apps\maven\.m2\repository\org\springframework\spring-web\4.3.14.RELEASE\spring-web-4.3.14.RELEASE.jar;D:\dev\tools\apps\maven\.m2\repository\org\springframework\spring-aop\4.3.14.RELEASE\spring-aop-4.3.14.RELEASE.jar;D:\dev\tools\apps\maven\.m2\repository\org\springframework\spring-beans\4.3.14.RELEASE\spring-beans-4.3.14.RELEASE.jar;D:\dev\tools\apps\maven\.m2\repository\org\springframework\spring-context\4.3.14.RELEASE\spring-context-4.3.14.RELEASE.jar;D:\dev\tools\apps\maven\.m2\repository\org\springframework\spring-webmvc\4.3.14.RELEASE\spring-webmvc-4.3.14.RELEASE.jar;D:\dev\tools\apps\maven\.m2\repository\org\springframework\spring-expression\4.3.14.RELEASE\spring-expression-4.3.14.RELEASE.jar;D:\dev\tools\apps\maven\.m2\repository\org\springframework\cloud\spring-cloud-starter-zipkin\1.3.0.RELEASE\spring-cloud-starter-zipkin-1.3.0.RELEASE.jar;D:\dev\tools\apps\maven\.m2\repository\org\springframework\cloud\spring-cloud-starter-sleuth\1.3.0.RELEASE\spring-cloud-starter-sleuth-1.3.0.RELEASE.jar;D:\dev\tools\apps\maven\.m2\repository\org\springframework\cloud\spring-cloud-starter\1.3.0.RELEASE\spring-cloud-starter-1.3.0.RELEASE.jar;D:\dev\tools\apps\maven\.m2\repository\org\springframework\cloud\spring-cloud-context\1.3.0.RELEASE\spring-cloud-context-1.3.0.RELEASE.jar;D:\dev\tools\apps\maven\.m2\repository\org\springframework\security\spring-security-rsa\1.0.3.RELEASE\spring-security-rsa-1.0.3.RELEASE.jar;D:\dev\tools\apps\maven\.m2\repository\org\bouncycastle\bcpkix-jdk15on\1.55\bcpkix-jdk15on-1.55.jar;D:\dev\tools\apps\maven\.m2\repository\org\bouncycastle\bcprov-jdk15on\1.55\bcprov-jdk15on-1.55.jar;D:\dev\tools\apps\maven\.m2\repository\org\springframework\boot\spring-boot-starter-aop\1.5.10.RELEASE\spring-boot-starter-aop-1.5.10.RELEASE.jar;D:\dev\tools\apps\maven\.m2\repository\org\aspectj\aspectjweaver\1.8.13\aspectjweaver-1.8.13.jar;D:\dev\tools\apps\maven\.m2\repository\org\springframework\cloud\spring-cloud-sleuth-core\1.3.0.RELEASE\spring-cloud-sleuth-core-1.3.0.RELEASE.jar;D:\dev\tools\apps\maven\.m2\repository\org\aspectj\aspectjrt\1.8.13\aspectjrt-1.8.13.jar;D:\dev\tools\apps\maven\.m2\repository\org\springframework\cloud\spring-cloud-sleuth-zipkin\1.3.0.RELEASE\spring-cloud-sleuth-zipkin-1.3.0.RELEASE.jar;D:\dev\tools\apps\maven\.m2\repository\org\springframework\cloud\spring-cloud-commons\1.3.0.RELEASE\spring-cloud-commons-1.3.0.RELEASE.jar;D:\dev\tools\apps\maven\.m2\repository\org\springframework\security\spring-security-crypto\4.2.4.RELEASE\spring-security-crypto-4.2.4.RELEASE.jar;D:\dev\tools\apps\maven\.m2\repository\org\apache\httpcomponents\httpclient\4.5.5\httpclient-4.5.5.jar;D:\dev\tools\apps\maven\.m2\repository\org\apache\httpcomponents\httpcore\4.4.9\httpcore-4.4.9.jar;D:\dev\tools\apps\maven\.m2\repository\commons-codec\commons-codec\1.10\commons-codec-1.10.jar;D:\dev\tools\apps\maven\.m2\repository\io\zipkin\zipkin2\zipkin\2.3.1\zipkin-2.3.1.jar;D:\dev\tools\apps\maven\.m2\repository\io\zipkin\reporter2\zipkin-reporter\2.1.4\zipkin-reporter-2.1.4.jar;D:\dev\tools\apps\maven\.m2\repository\io\zipkin\reporter2\zipkin-sender-kafka11\2.1.4\zipkin-sender-kafka11-2.1.4.jar;D:\dev\tools\apps\maven\.m2\repository\io\zipkin\reporter2\zipkin-sender-amqp-client\2.1.4\zipkin-sender-amqp-client-2.1.4.jar;D:\dev\tools\apps\maven\.m2\repository\org\springframework\boot\spring-boot-starter-test\1.5.10.RELEASE\spring-boot-starter-test-1.5.10.RELEASE.jar;D:\dev\tools\apps\maven\.m2\repository\org\springframework\boot\spring-boot-test\1.5.10.RELEASE\spring-boot-test-1.5.10.RELEASE.jar;D:\dev\tools\apps\maven\.m2\repository\org\springframework\boot\spring-boot-test-autoconfigure\1.5.10.RELEASE\spring-boot-test-autoconfigure-1.5.10.RELEASE.jar;D:\dev\tools\apps\maven\.m2\repository\com\jayway\jsonpath\json-path\2.2.0\json-path-2.2.0.jar;D:\dev\tools\apps\maven\.m2\repository\net\minidev\json-smart\2.2.1\json-smart-2.2.1.jar;D:\dev\tools\apps\maven\.m2\repository\net\minidev\accessors-smart\1.1\accessors-smart-1.1.jar;D:\dev\tools\apps\maven\.m2\repository\org\ow2\asm\asm\5.0.3\asm-5.0.3.jar;D:\dev\tools\apps\maven\.m2\repository\org\slf4j\slf4j-api\1.7.25\slf4j-api-1.7.25.jar;D:\dev\tools\apps\maven\.m2\repository\junit\junit\4.12\junit-4.12.jar;D:\dev\tools\apps\maven\.m2\repository\org\assertj\assertj-core\2.6.0\assertj-core-2.6.0.jar;D:\dev\tools\apps\maven\.m2\repository\org\mockito\mockito-core\1.10.19\mockito-core-1.10.19.jar;D:\dev\tools\apps\maven\.m2\repository\org\objenesis\objenesis\2.1\objenesis-2.1.jar;D:\dev\tools\apps\maven\.m2\repository\org\hamcrest\hamcrest-core\1.3\hamcrest-core-1.3.jar;D:\dev\tools\apps\maven\.m2\repository\org\hamcrest\hamcrest-library\1.3\hamcrest-library-1.3.jar;D:\dev\tools\apps\maven\.m2\repository\org\skyscreamer\jsonassert\1.4.0\jsonassert-1.4.0.jar;D:\dev\tools\apps\maven\.m2\repository\com\vaadin\external\google\android-json\0.0.20131108.vaadin1\android-json-0.0.20131108.vaadin1.jar;D:\dev\tools\apps\maven\.m2\repository\org\springframework\spring-core\4.3.14.RELEASE\spring-core-4.3.14.RELEASE.jar;D:\dev\tools\apps\maven\.m2\repository\org\springframework\spring-test\4.3.14.RELEASE\spring-test-4.3.14.RELEASE.jar;, java.specification.name=Java Platform API Specification, java.class.version=52.0, sun.management.compiler=HotSpot 64-Bit Tiered Compilers, os.version=6.3, user.home=C:\Users\simon, user.timezone=Asia/Shanghai, java.awt.printerjob=sun.awt.windows.WPrinterJob, file.encoding=GBK, java.specification.version=1.8, java.class.path=E:\myproject\service-ziphi\target\test-classes;E:\myproject\service-ziphi\target\classes;D:\dev\tools\apps\maven\.m2\repository\org\springframework\boot\spring-boot-starter-web\1.5.10.RELEASE\spring-boot-starter-web-1.5.10.RELEASE.jar;D:\dev\tools\apps\maven\.m2\repository\org\springframework\boot\spring-boot-starter\1.5.10.RELEASE\spring-boot-starter-1.5.10.RELEASE.jar;D:\dev\tools\apps\maven\.m2\repository\org\springframework\boot\spring-boot\1.5.10.RELEASE\spring-boot-1.5.10.RELEASE.jar;D:\dev\tools\apps\maven\.m2\repository\org\springframework\boot\spring-boot-autoconfigure\1.5.10.RELEASE\spring-boot-autoconfigure-1.5.10.RELEASE.jar;D:\dev\tools\apps\maven\.m2\repository\org\springframework\boot\spring-boot-starter-logging\1.5.10.RELEASE\spring-boot-starter-logging-1.5.10.RELEASE.jar;D:\dev\tools\apps\maven\.m2\repository\ch\qos\logback\logback-classic\1.1.11\logback-classic-1.1.11.jar;D:\dev\tools\apps\maven\.m2\repository\ch\qos\logback\logback-core\1.1.11\logback-core-1.1.11.jar;D:\dev\tools\apps\maven\.m2\repository\org\slf4j\jcl-over-slf4j\1.7.25\jcl-over-slf4j-1.7.25.jar;D:\dev\tools\apps\maven\.m2\repository\org\slf4j\jul-to-slf4j\1.7.25\jul-to-slf4j-1.7.25.jar;D:\dev\tools\apps\maven\.m2\repository\org\slf4j\log4j-over-slf4j\1.7.25\log4j-over-slf4j-1.7.25.jar;D:\dev\tools\apps\maven\.m2\repository\org\yaml\snakeyaml\1.17\snakeyaml-1.17.jar;D:\dev\tools\apps\maven\.m2\repository\org\springframework\boot\spring-boot-starter-tomcat\1.5.10.RELEASE\spring-boot-starter-tomcat-1.5.10.RELEASE.jar;D:\dev\tools\apps\maven\.m2\repository\org\apache\tomcat\embed\tomcat-embed-core\8.5.27\tomcat-embed-core-8.5.27.jar;D:\dev\tools\apps\maven\.m2\repository\org\apache\tomcat\tomcat-annotations-api\8.5.27\tomcat-annotations-api-8.5.27.jar;D:\dev\tools\apps\maven\.m2\repository\org\apache\tomcat\embed\tomcat-embed-el\8.5.27\tomcat-embed-el-8.5.27.jar;D:\dev\tools\apps\maven\.m2\repository\org\apache\tomcat\embed\tomcat-embed-websocket\8.5.27\tomcat-embed-websocket-8.5.27.jar;D:\dev\tools\apps\maven\.m2\repository\org\hibernate\hibernate-validator\5.3.6.Final\hibernate-validator-5.3.6.Final.jar;D:\dev\tools\apps\maven\.m2\repository\javax\validation\validation-api\1.1.0.Final\validation-api-1.1.0.Final.jar;D:\dev\tools\apps\maven\.m2\repository\org\jboss\logging\jboss-logging\3.3.1.Final\jboss-logging-3.3.1.Final.jar;D:\dev\tools\apps\maven\.m2\repository\com\fasterxml\classmate\1.3.4\classmate-1.3.4.jar;D:\dev\tools\apps\maven\.m2\repository\com\fasterxml\jackson\core\jackson-databind\2.8.10\jackson-databind-2.8.10.jar;D:\dev\tools\apps\maven\.m2\repository\com\fasterxml\jackson\core\jackson-annotations\2.8.0\jackson-annotations-2.8.0.jar;D:\dev\tools\apps\maven\.m2\repository\com\fasterxml\jackson\core\jackson-core\2.8.10\jackson-core-2.8.10.jar;D:\dev\tools\apps\maven\.m2\repository\org\springframework\spring-web\4.3.14.RELEASE\spring-web-4.3.14.RELEASE.jar;D:\dev\tools\apps\maven\.m2\repository\org\springframework\spring-aop\4.3.14.RELEASE\spring-aop-4.3.14.RELEASE.jar;D:\dev\tools\apps\maven\.m2\repository\org\springframework\spring-beans\4.3.14.RELEASE\spring-beans-4.3.14.RELEASE.jar;D:\dev\tools\apps\maven\.m2\repository\org\springframework\spring-context\4.3.14.RELEASE\spring-context-4.3.14.RELEASE.jar;D:\dev\tools\apps\maven\.m2\repository\org\springframework\spring-webmvc\4.3.14.RELEASE\spring-webmvc-4.3.14.RELEASE.jar;D:\dev\tools\apps\maven\.m2\repository\org\springframework\spring-expression\4.3.14.RELEASE\spring-expression-4.3.14.RELEASE.jar;D:\dev\tools\apps\maven\.m2\repository\org\springframework\cloud\spring-cloud-starter-zipkin\1.3.0.RELEASE\spring-cloud-starter-zipkin-1.3.0.RELEASE.jar;D:\dev\tools\apps\maven\.m2\repository\org\springframework\cloud\spring-cloud-starter-sleuth\1.3.0.RELEASE\spring-cloud-starter-sleuth-1.3.0.RELEASE.jar;D:\dev\tools\apps\maven\.m2\repository\org\springframework\cloud\spring-cloud-starter\1.3.0.RELEASE\spring-cloud-starter-1.3.0.RELEASE.jar;D:\dev\tools\apps\maven\.m2\repository\org\springframework\cloud\spring-cloud-context\1.3.0.RELEASE\spring-cloud-context-1.3.0.RELEASE.jar;D:\dev\tools\apps\maven\.m2\repository\org\springframework\security\spring-security-rsa\1.0.3.RELEASE\spring-security-rsa-1.0.3.RELEASE.jar;D:\dev\tools\apps\maven\.m2\repository\org\bouncycastle\bcpkix-jdk15on\1.55\bcpkix-jdk15on-1.55.jar;D:\dev\tools\apps\maven\.m2\repository\org\bouncycastle\bcprov-jdk15on\1.55\bcprov-jdk15on-1.55.jar;D:\dev\tools\apps\maven\.m2\repository\org\springframework\boot\spring-boot-starter-aop\1.5.10.RELEASE\spring-boot-starter-aop-1.5.10.RELEASE.jar;D:\dev\tools\apps\maven\.m2\repository\org\aspectj\aspectjweaver\1.8.13\aspectjweaver-1.8.13.jar;D:\dev\tools\apps\maven\.m2\repository\org\springframework\cloud\spring-cloud-sleuth-core\1.3.0.RELEASE\spring-cloud-sleuth-core-1.3.0.RELEASE.jar;D:\dev\tools\apps\maven\.m2\repository\org\aspectj\aspectjrt\1.8.13\aspectjrt-1.8.13.jar;D:\dev\tools\apps\maven\.m2\repository\org\springframework\cloud\spring-cloud-sleuth-zipkin\1.3.0.RELEASE\spring-cloud-sleuth-zipkin-1.3.0.RELEASE.jar;D:\dev\tools\apps\maven\.m2\repository\org\springframework\cloud\spring-cloud-commons\1.3.0.RELEASE\spring-cloud-commons-1.3.0.RELEASE.jar;D:\dev\tools\apps\maven\.m2\repository\org\springframework\security\spring-security-crypto\4.2.4.RELEASE\spring-security-crypto-4.2.4.RELEASE.jar;D:\dev\tools\apps\maven\.m2\repository\org\apache\httpcomponents\httpclient\4.5.5\httpclient-4.5.5.jar;D:\dev\tools\apps\maven\.m2\repository\org\apache\httpcomponents\httpcore\4.4.9\httpcore-4.4.9.jar;D:\dev\tools\apps\maven\.m2\repository\commons-codec\commons-codec\1.10\commons-codec-1.10.jar;D:\dev\tools\apps\maven\.m2\repository\io\zipkin\zipkin2\zipkin\2.3.1\zipkin-2.3.1.jar;D:\dev\tools\apps\maven\.m2\repository\io\zipkin\reporter2\zipkin-reporter\2.1.4\zipkin-reporter-2.1.4.jar;D:\dev\tools\apps\maven\.m2\repository\io\zipkin\reporter2\zipkin-sender-kafka11\2.1.4\zipkin-sender-kafka11-2.1.4.jar;D:\dev\tools\apps\maven\.m2\repository\io\zipkin\reporter2\zipkin-sender-amqp-client\2.1.4\zipkin-sender-amqp-client-2.1.4.jar;D:\dev\tools\apps\maven\.m2\repository\org\springframework\boot\spring-boot-starter-test\1.5.10.RELEASE\spring-boot-starter-test-1.5.10.RELEASE.jar;D:\dev\tools\apps\maven\.m2\repository\org\springframework\boot\spring-boot-test\1.5.10.RELEASE\spring-boot-test-1.5.10.RELEASE.jar;D:\dev\tools\apps\maven\.m2\repository\org\springframework\boot\spring-boot-test-autoconfigure\1.5.10.RELEASE\spring-boot-test-autoconfigure-1.5.10.RELEASE.jar;D:\dev\tools\apps\maven\.m2\repository\com\jayway\jsonpath\json-path\2.2.0\json-path-2.2.0.jar;D:\dev\tools\apps\maven\.m2\repository\net\minidev\json-smart\2.2.1\json-smart-2.2.1.jar;D:\dev\tools\apps\maven\.m2\repository\net\minidev\accessors-smart\1.1\accessors-smart-1.1.jar;D:\dev\tools\apps\maven\.m2\repository\org\ow2\asm\asm\5.0.3\asm-5.0.3.jar;D:\dev\tools\apps\maven\.m2\repository\org\slf4j\slf4j-api\1.7.25\slf4j-api-1.7.25.jar;D:\dev\tools\apps\maven\.m2\repository\junit\junit\4.12\junit-4.12.jar;D:\dev\tools\apps\maven\.m2\repository\org\assertj\assertj-core\2.6.0\assertj-core-2.6.0.jar;D:\dev\tools\apps\maven\.m2\repository\org\mockito\mockito-core\1.10.19\mockito-core-1.10.19.jar;D:\dev\tools\apps\maven\.m2\repository\org\objenesis\objenesis\2.1\objenesis-2.1.jar;D:\dev\tools\apps\maven\.m2\repository\org\hamcrest\hamcrest-core\1.3\hamcrest-core-1.3.jar;D:\dev\tools\apps\maven\.m2\repository\org\hamcrest\hamcrest-library\1.3\hamcrest-library-1.3.jar;D:\dev\tools\apps\maven\.m2\repository\org\skyscreamer\jsonassert\1.4.0\jsonassert-1.4.0.jar;D:\dev\tools\apps\maven\.m2\repository\com\vaadin\external\google\android-json\0.0.20131108.vaadin1\android-json-0.0.20131108.vaadin1.jar;D:\dev\tools\apps\maven\.m2\repository\org\springframework\spring-core\4.3.14.RELEASE\spring-core-4.3.14.RELEASE.jar;D:\dev\tools\apps\maven\.m2\repository\org\springframework\spring-test\4.3.14.RELEASE\spring-test-4.3.14.RELEASE.jar;, user.name=simon, java.vm.specification.version=1.8, sun.java.command=E:\myproject\service-ziphi\target\surefire\surefirebooter4752300645136717500.jar E:\myproject\service-ziphi\target\surefire\surefire783864520833711201tmp E:\myproject\service-ziphi\target\surefire\surefire_03722303988882381267tmp, java.home=D:\dev\tools\apps\Java\jdk1.8.0_31\jre, sun.arch.data.model=64, user.language=zh, java.specification.vendor=Oracle Corporation, awt.toolkit=sun.awt.windows.WToolkit, java.vm.info=mixed mode, java.version=1.8.0_31, java.ext.dirs=D:\dev\tools\apps\Java\jdk1.8.0_31\jre\lib\ext;C:\WINDOWS\Sun\Java\lib\ext, sun.boot.class.path=D:\dev\tools\apps\Java\jdk1.8.0_31\jre\lib\resources.jar;D:\dev\tools\apps\Java\jdk1.8.0_31\jre\lib\rt.jar;D:\dev\tools\apps\Java\jdk1.8.0_31\jre\lib\sunrsasign.jar;D:\dev\tools\apps\Java\jdk1.8.0_31\jre\lib\jsse.jar;D:\dev\tools\apps\Java\jdk1.8.0_31\jre\lib\jce.jar;D:\dev\tools\apps\Java\jdk1.8.0_31\jre\lib\charsets.jar;D:\dev\tools\apps\Java\jdk1.8.0_31\jre\lib\jfr.jar;D:\dev\tools\apps\Java\jdk1.8.0_31\jre\classes, java.vendor=Oracle Corporation, localRepository=D:\dev\tools\apps\maven\.m2\repository, file.separator=\, java.vendor.url.bug=http://bugreport.sun.com/bugreport/, sun.io.unicode.encoding=UnicodeLittle, sun.cpu.endian=little, sun.desktop=windows, sun.cpu.isalist=amd64}}, SystemEnvironmentPropertySource@1295226194 {name='systemEnvironment', properties={PATH=C:\WINDOWS\system32;C:\WINDOWS;C:\WINDOWS\System32\Wbem;C:\WINDOWS\System32\WindowsPowerShell\v1.0\;C:\Users\simon\AppData\Local\Microsoft\WindowsApps;D:\dev\tools\apps\Java\jdk1.8.0_31\bin;D:\dev\tools\apps\maven\bin;D:\dev\tools\apps\svn\bin;C:\Users\simon\AppData\Local\Microsoft\WindowsApps;, USERDOMAIN_ROAMINGPROFILE=DESKTOP-1L37PM6, LOCALAPPDATA=C:\Users\simon\AppData\Local, PROCESSOR_LEVEL=6, SYSTEMDRIVE=C:, COMMONPROGRAMFILES(X86)=C:\Program Files (x86)\Common Files, USERDOMAIN=DESKTOP-1L37PM6, LOGONSERVER=\\DESKTOP-1L37PM6, JAVA_HOME=D:\dev\tools\apps\Java\jdk1.8.0_31, PROMPT=$P$G, SESSIONNAME=Console, ALLUSERSPROFILE=C:\ProgramData, PROGRAMFILES(X86)=C:\Program Files (x86), PROCESSOR_ARCHITECTURE=AMD64, MAVEN_OPTS=-Xms128m -Xmx512m, =E:=E:\myproject\service-ziphi, PROGRAMFILES=C:\Program Files, APPDATA=C:\Users\simon\AppData\Roaming, PSMODULEPATH=C:\Program Files\WindowsPowerShell\Modules;C:\WINDOWS\system32\WindowsPowerShell\v1.0\Modules, PROGRAMW6432=C:\Program Files, PROGRAMDATA=C:\ProgramData, SYSTEMROOT=C:\WINDOWS, USERNAME=simon, ONEDRIVE=C:\Users\simon\OneDrive, PATHEXT=.COM;.EXE;.BAT;.CMD;.VBS;.VBE;.JS;.JSE;.WSF;.WSH;.MSC, OS=Windows_NT, COMMONPROGRAMW6432=C:\Program Files\Common Files, COMPUTERNAME=DESKTOP-1L37PM6, COMMONPROGRAMFILES=C:\Program Files\Common Files, COMSPEC=C:\WINDOWS\system32\cmd.exe, CATALINA_HOME=D:\dev\tools\apps\tomcat, PROCESSOR_REVISION=4e03, WINDIR=C:\WINDOWS, HOMEPATH=\Users\simon, TEMP=C:\Users\simon\AppData\Local\Temp, HOMEDRIVE=C:, PROCESSOR_IDENTIFIER=Intel64 Family 6 Model 78 Stepping 3, GenuineIntel, USERPROFILE=C:\Users\simon, TMP=C:\Users\simon\AppData\Local\Temp, M2_HOME=D:\dev\tools\apps\maven, PUBLIC=C:\Users\Public, NUMBER_OF_PROCESSORS=4, =::=::\}}]
17:14:13.537 [main] INFO org.springframework.boot.test.context.SpringBootTestContextBootstrapper - Found @SpringBootConfiguration com.southgis.test.serviceziphi.ServiceZiphiApplication for test class com.southgis.test.serviceziphi.ServiceZiphiApplicationTests
17:14:13.545 [main] DEBUG org.springframework.boot.test.context.SpringBootTestContextBootstrapper - @TestExecutionListeners is not present for class [com.southgis.test.serviceziphi.ServiceZiphiApplicationTests]: using defaults.
17:14:13.553 [main] INFO org.springframework.boot.test.context.SpringBootTestContextBootstrapper - Loaded default TestExecutionListener class names from location [META-INF/spring.factories]: [org.springframework.boot.test.mock.mockito.MockitoTestExecutionListener, org.springframework.boot.test.mock.mockito.ResetMocksTestExecutionListener, org.springframework.boot.test.autoconfigure.restdocs.RestDocsTestExecutionListener, org.springframework.boot.test.autoconfigure.web.client.MockRestServiceServerResetTestExecutionListener, org.springframework.boot.test.autoconfigure.web.servlet.MockMvcPrintOnlyOnFailureTestExecutionListener, org.springframework.boot.test.autoconfigure.web.servlet.WebDriverTestExecutionListener, org.springframework.test.context.web.ServletTestExecutionListener, org.springframework.test.context.support.DirtiesContextBeforeModesTestExecutionListener, org.springframework.test.context.support.DependencyInjectionTestExecutionListener, org.springframework.test.context.support.DirtiesContextTestExecutionListener, org.springframework.test.context.transaction.TransactionalTestExecutionListener, org.springframework.test.context.jdbc.SqlScriptsTestExecutionListener]
17:14:13.583 [main] DEBUG org.springframework.boot.test.context.SpringBootTestContextBootstrapper - Could not instantiate TestExecutionListener [org.springframework.test.context.transaction.TransactionalTestExecutionListener]. Specify custom listener classes or make the default listener classes (and their required dependencies) available. Offending class: [org/springframework/transaction/interceptor/TransactionAttributeSource]
17:14:13.585 [main] DEBUG org.springframework.boot.test.context.SpringBootTestContextBootstrapper - Could not instantiate TestExecutionListener [org.springframework.test.context.jdbc.SqlScriptsTestExecutionListener]. Specify custom listener classes or make the default listener classes (and their required dependencies) available. Offending class: [org/springframework/transaction/interceptor/TransactionAttribute]
17:14:13.586 [main] INFO org.springframework.boot.test.context.SpringBootTestContextBootstrapper - Using TestExecutionListeners: [org.springframework.test.context.web.ServletTestExecutionListener@55040f2f, org.springframework.test.context.support.DirtiesContextBeforeModesTestExecutionListener@64c87930, org.springframework.boot.test.autoconfigure.SpringBootDependencyInjectionTestExecutionListener@400cff1a, org.springframework.test.context.support.DirtiesContextTestExecutionListener@275710fc, org.springframework.boot.test.mock.mockito.MockitoTestExecutionListener@525f1e4e, org.springframework.boot.test.mock.mockito.ResetMocksTestExecutionListener@75f9eccc, org.springframework.boot.test.autoconfigure.restdocs.RestDocsTestExecutionListener@52aa2946, org.springframework.boot.test.autoconfigure.web.client.MockRestServiceServerResetTestExecutionListener@4de5031f, org.springframework.boot.test.autoconfigure.web.servlet.MockMvcPrintOnlyOnFailureTestExecutionListener@67e2d983, org.springframework.boot.test.autoconfigure.web.servlet.WebDriverTestExecutionListener@5d47c63f]
17:14:13.586 [main] DEBUG org.springframework.test.annotation.ProfileValueUtils - Retrieved @ProfileValueSourceConfiguration [null] for test class [com.southgis.test.serviceziphi.ServiceZiphiApplicationTests]
17:14:13.587 [main] DEBUG org.springframework.test.annotation.ProfileValueUtils - Retrieved ProfileValueSource type [class org.springframework.test.annotation.SystemProfileValueSource] for class [com.southgis.test.serviceziphi.ServiceZiphiApplicationTests]
17:14:13.590 [main] DEBUG org.springframework.test.annotation.ProfileValueUtils - Retrieved @ProfileValueSourceConfiguration [null] for test class [com.southgis.test.serviceziphi.ServiceZiphiApplicationTests]
17:14:13.590 [main] DEBUG org.springframework.test.annotation.ProfileValueUtils - Retrieved ProfileValueSource type [class org.springframework.test.annotation.SystemProfileValueSource] for class [com.southgis.test.serviceziphi.ServiceZiphiApplicationTests]
17:14:13.605 [main] DEBUG org.springframework.test.context.support.AbstractDirtiesContextTestExecutionListener - Before test class: context [DefaultTestContext@3ec300f1 testClass = ServiceZiphiApplicationTests, testInstance = [null], testMethod = [null], testException = [null], mergedContextConfiguration = [WebMergedContextConfiguration@482cd91f testClass = ServiceZiphiApplicationTests, locations = '{}', classes = '{class com.southgis.test.serviceziphi.ServiceZiphiApplication}', contextInitializerClasses = '[]', activeProfiles = '{}', propertySourceLocations = '{}', propertySourceProperties = '{org.springframework.boot.test.context.SpringBootTestContextBootstrapper=true}', contextCustomizers = set[org.springframework.boot.test.context.SpringBootTestContextCustomizer@3b0143d3, org.springframework.boot.test.context.filter.ExcludeFilterContextCustomizer@731a74c, org.springframework.boot.test.json.DuplicateJsonObjectContextCustomizerFactory$DuplicateJsonObjectContextCustomizer@7d907bac, org.springframework.boot.test.mock.mockito.MockitoContextCustomizer@0, org.springframework.boot.test.autoconfigure.properties.PropertyMappingContextCustomizer@0, org.springframework.boot.test.autoconfigure.web.servlet.WebDriverContextCustomizerFactory$Customizer@57855c9a], resourceBasePath = 'src/main/webapp', contextLoader = 'org.springframework.boot.test.context.SpringBootContextLoader', parent = [null]]], class annotated with @DirtiesContext [false] with mode [null].
17:14:13.607 [main] DEBUG org.springframework.test.annotation.ProfileValueUtils - Retrieved @ProfileValueSourceConfiguration [null] for test class [com.southgis.test.serviceziphi.ServiceZiphiApplicationTests]
17:14:13.607 [main] DEBUG org.springframework.test.annotation.ProfileValueUtils - Retrieved ProfileValueSource type [class org.springframework.test.annotation.SystemProfileValueSource] for class [com.southgis.test.serviceziphi.ServiceZiphiApplicationTests]
17:14:13.718 [main] DEBUG org.springframework.core.env.StandardEnvironment - Adding PropertySource 'systemProperties' with lowest search precedence
17:14:13.718 [main] DEBUG org.springframework.core.env.StandardEnvironment - Adding PropertySource 'systemEnvironment' with lowest search precedence
17:14:13.719 [main] DEBUG org.springframework.core.env.StandardEnvironment - Initialized StandardEnvironment with PropertySources [MapPropertySource@501187768 {name='systemProperties', properties={idea.version=2017.3.5, java.runtime.name=Java(TM) SE Runtime Environment, sun.boot.library.path=D:\dev\tools\apps\Java\jdk1.8.0_31\jre\bin, java.vm.version=25.31-b07, java.vm.vendor=Oracle Corporation, java.vendor.url=http://java.oracle.com/, path.separator=;, java.vm.name=Java HotSpot(TM) 64-Bit Server VM, file.encoding.pkg=sun.io, user.country=CN, user.script=, sun.java.launcher=SUN_STANDARD, sun.os.patch.level=, java.vm.specification.name=Java Virtual Machine Specification, user.dir=E:\myproject\service-ziphi, java.runtime.version=1.8.0_31-b13, basedir=E:\myproject\service-ziphi, java.awt.graphicsenv=sun.awt.Win32GraphicsEnvironment, java.endorsed.dirs=D:\dev\tools\apps\Java\jdk1.8.0_31\jre\lib\endorsed, os.arch=amd64, surefire.real.class.path=E:\myproject\service-ziphi\target\surefire\surefirebooter4752300645136717500.jar, java.io.tmpdir=C:\Users\simon\AppData\Local\Temp\, line.separator=
, java.vm.specification.vendor=Oracle Corporation, user.variant=, os.name=Windows 8.1, sun.jnu.encoding=GBK, java.library.path=D:\dev\tools\apps\Java\jdk1.8.0_31\jre\bin;C:\WINDOWS\Sun\Java\bin;C:\WINDOWS\system32;C:\WINDOWS;C:\WINDOWS\system32;C:\WINDOWS;C:\WINDOWS\System32\Wbem;C:\WINDOWS\System32\WindowsPowerShell\v1.0\;C:\Users\simon\AppData\Local\Microsoft\WindowsApps;D:\dev\tools\apps\Java\jdk1.8.0_31\bin;D:\dev\tools\apps\maven\bin;D:\dev\tools\apps\svn\bin;C:\Users\simon\AppData\Local\Microsoft\WindowsApps;;., surefire.test.class.path=E:\myproject\service-ziphi\target\test-classes;E:\myproject\service-ziphi\target\classes;D:\dev\tools\apps\maven\.m2\repository\org\springframework\boot\spring-boot-starter-web\1.5.10.RELEASE\spring-boot-starter-web-1.5.10.RELEASE.jar;D:\dev\tools\apps\maven\.m2\repository\org\springframework\boot\spring-boot-starter\1.5.10.RELEASE\spring-boot-starter-1.5.10.RELEASE.jar;D:\dev\tools\apps\maven\.m2\repository\org\springframework\boot\spring-boot\1.5.10.RELEASE\spring-boot-1.5.10.RELEASE.jar;D:\dev\tools\apps\maven\.m2\repository\org\springframework\boot\spring-boot-autoconfigure\1.5.10.RELEASE\spring-boot-autoconfigure-1.5.10.RELEASE.jar;D:\dev\tools\apps\maven\.m2\repository\org\springframework\boot\spring-boot-starter-logging\1.5.10.RELEASE\spring-boot-starter-logging-1.5.10.RELEASE.jar;D:\dev\tools\apps\maven\.m2\repository\ch\qos\logback\logback-classic\1.1.11\logback-classic-1.1.11.jar;D:\dev\tools\apps\maven\.m2\repository\ch\qos\logback\logback-core\1.1.11\logback-core-1.1.11.jar;D:\dev\tools\apps\maven\.m2\repository\org\slf4j\jcl-over-slf4j\1.7.25\jcl-over-slf4j-1.7.25.jar;D:\dev\tools\apps\maven\.m2\repository\org\slf4j\jul-to-slf4j\1.7.25\jul-to-slf4j-1.7.25.jar;D:\dev\tools\apps\maven\.m2\repository\org\slf4j\log4j-over-slf4j\1.7.25\log4j-over-slf4j-1.7.25.jar;D:\dev\tools\apps\maven\.m2\repository\org\yaml\snakeyaml\1.17\snakeyaml-1.17.jar;D:\dev\tools\apps\maven\.m2\repository\org\springframework\boot\spring-boot-starter-tomcat\1.5.10.RELEASE\spring-boot-starter-tomcat-1.5.10.RELEASE.jar;D:\dev\tools\apps\maven\.m2\repository\org\apache\tomcat\embed\tomcat-embed-core\8.5.27\tomcat-embed-core-8.5.27.jar;D:\dev\tools\apps\maven\.m2\repository\org\apache\tomcat\tomcat-annotations-api\8.5.27\tomcat-annotations-api-8.5.27.jar;D:\dev\tools\apps\maven\.m2\repository\org\apache\tomcat\embed\tomcat-embed-el\8.5.27\tomcat-embed-el-8.5.27.jar;D:\dev\tools\apps\maven\.m2\repository\org\apache\tomcat\embed\tomcat-embed-websocket\8.5.27\tomcat-embed-websocket-8.5.27.jar;D:\dev\tools\apps\maven\.m2\repository\org\hibernate\hibernate-validator\5.3.6.Final\hibernate-validator-5.3.6.Final.jar;D:\dev\tools\apps\maven\.m2\repository\javax\validation\validation-api\1.1.0.Final\validation-api-1.1.0.Final.jar;D:\dev\tools\apps\maven\.m2\repository\org\jboss\logging\jboss-logging\3.3.1.Final\jboss-logging-3.3.1.Final.jar;D:\dev\tools\apps\maven\.m2\repository\com\fasterxml\classmate\1.3.4\classmate-1.3.4.jar;D:\dev\tools\apps\maven\.m2\repository\com\fasterxml\jackson\core\jackson-databind\2.8.10\jackson-databind-2.8.10.jar;D:\dev\tools\apps\maven\.m2\repository\com\fasterxml\jackson\core\jackson-annotations\2.8.0\jackson-annotations-2.8.0.jar;D:\dev\tools\apps\maven\.m2\repository\com\fasterxml\jackson\core\jackson-core\2.8.10\jackson-core-2.8.10.jar;D:\dev\tools\apps\maven\.m2\repository\org\springframework\spring-web\4.3.14.RELEASE\spring-web-4.3.14.RELEASE.jar;D:\dev\tools\apps\maven\.m2\repository\org\springframework\
[...]
2018-03-23 17:14:21.676  INFO [service-ziphi,,,] 11752 --- [           main] s.w.s.m.m.a.RequestMappingHandlerMapping : Mapped "{[/error],produces=[text/html]}" onto public org.springframework.web.servlet.ModelAndView org.springframework.boot.autoconfigure.web.BasicErrorController.errorHtml(javax.servlet.http.HttpServletRequest,javax.servlet.http.HttpServletResponse)
2018-03-23 17:14:21.894  INFO [service-ziphi,,,] 11752 --- [           main] o.s.w.s.handler.SimpleUrlHandlerMapping  : Mapped URL path [/webjars/**] onto handler of type [class org.springframework.web.servlet.resource.ResourceHttpRequestHandler]
2018-03-23 17:14:21.894  INFO [service-ziphi,,,] 11752 --- [           main] o.s.w.s.handler.SimpleUrlHandlerMapping  : Mapped URL path [/**] onto handler of type [class org.springframework.web.servlet.resource.ResourceHttpRequestHandler]
2018-03-23 17:14:22.092  INFO [service-ziphi,,,] 11752 --- [           main] o.s.w.s.handler.SimpleUrlHandlerMapping  : Mapped URL path [/**/favicon.ico] onto handler of type [class org.springframework.web.servlet.resource.ResourceHttpRequestHandler]
2018-03-23 17:14:23.543  INFO [service-ziphi,,,] 11752 --- [           main] o.s.s.c.ThreadPoolTaskScheduler          : Initializing ExecutorService 
2018-03-23 17:14:23.584  WARN [service-ziphi,,,] 11752 --- [           main] o.s.w.c.s.GenericWebApplicationContext   : Exception encountered during context initialization - cancelling refresh attempt: org.springframework.beans.factory.BeanCreationException: Error creating bean with name 'org.springframework.cloud.sleuth.instrument.web.client.TraceWebClientAutoConfiguration$TraceInterceptorConfiguration': Invocation of init method failed; nested exception is java.lang.NullPointerException
2018-03-23 17:14:23.780  INFO [service-ziphi,,,] 11752 --- [           main] utoConfigurationReportLoggingInitializer : 

Error starting ApplicationContext. To display the auto-configuration report re-run your application with 'debug' enabled.
2018-03-23 17:14:23.795 ERROR [service-ziphi,,,] 11752 --- [           main] o.s.boot.SpringApplication               : Application startup failed

org.springframework.beans.factory.BeanCreationException: Error creating bean with name 'org.springframework.cloud.sleuth.instrument.web.client.TraceWebClientAutoConfiguration$TraceInterceptorConfiguration': Invocation of init method failed; nested exception is java.lang.NullPointerException
	at org.springframework.beans.factory.annotation.InitDestroyAnnotationBeanPostProcessor.postProcessBeforeInitialization(InitDestroyAnnotationBeanPostProcessor.java:137) ~[spring-beans-4.3.14.RELEASE.jar:4.3.14.RELEASE]
	at org.springframework.beans.factory.support.AbstractAutowireCapableBeanFactory.applyBeanPostProcessorsBeforeInitialization(AbstractAutowireCapableBeanFactory.java:409) ~[spring-beans-4.3.14.RELEASE.jar:4.3.14.RELEASE]
	at org.springframework.beans.factory.support.AbstractAutowireCapableBeanFactory.initializeBean(AbstractAutowireCapableBeanFactory.java:1620) ~[spring-beans-4.3.14.RELEASE.jar:4.3.14.RELEASE]
	at org.springframework.beans.factory.support.AbstractAutowireCapableBeanFactory.doCreateBean(AbstractAutowireCapableBeanFactory.java:555) ~[spring-beans-4.3.14.RELEASE.jar:4.3.14.RELEASE]
	at org.springframework.beans.factory.support.AbstractAutowireCapableBeanFactory.createBean(AbstractAutowireCapableBeanFactory.java:483) ~[spring-beans-4.3.14.RELEASE.jar:4.3.14.RELEASE]
	at org.springframework.beans.factory.support.AbstractBeanFactory$1.getObject(AbstractBeanFactory.java:306) ~[spring-beans-4.3.14.RELEASE.jar:4.3.14.RELEASE]
	at org.springframework.beans.factory.support.DefaultSingletonBeanRegistry.getSingleton(DefaultSingletonBeanRegistry.java:230) ~[spring-beans-4.3.14.RELEASE.jar:4.3.14.RELEASE]
	at org.springframework.beans.factory.support.AbstractBeanFactory.doGetBean(AbstractBeanFactory.java:302) ~[spring-beans-4.3.14.RELEASE.jar:4.3.14.RELEASE]
	at org.springframework.beans.factory.support.AbstractBeanFactory.getBean(AbstractBeanFactory.java:197) ~[spring-beans-4.3.14.RELEASE.jar:4.3.14.RELEASE]
	at org.springframework.beans.factory.support.DefaultListableBeanFactory.preInstantiateSingletons(DefaultListableBeanFactory.java:761) ~[spring-beans-4.3.14.RELEASE.jar:4.3.14.RELEASE]
	at org.springframework.context.support.AbstractApplicationContext.finishBeanFactoryInitialization(AbstractApplicationContext.java:867) ~[spring-context-4.3.14.RELEASE.jar:4.3.14.RELEASE]
	at org.springframework.context.support.AbstractApplicationContext.refresh(AbstractApplicationContext.java:543) ~[spring-context-4.3.14.RELEASE.jar:4.3.14.RELEASE]
	at org.springframework.boot.SpringApplication.refresh(SpringApplication.java:693) ~[spring-boot-1.5.10.RELEASE.jar:1.5.10.RELEASE]
	at org.springframework.boot.SpringApplication.refreshContext(SpringApplication.java:360) ~[spring-boot-1.5.10.RELEASE.jar:1.5.10.RELEASE]
	at org.springframework.boot.SpringApplication.run(SpringApplication.java:303) ~[spring-boot-1.5.10.RELEASE.jar:1.5.10.RELEASE]
	at org.springframework.boot.test.context.SpringBootContextLoader.loadContext(SpringBootContextLoader.java:120) [spring-boot-test-1.5.10.RELEASE.jar:1.5.10.RELEASE]
	at org.springframework.test.context.cache.DefaultCacheAwareContextLoaderDelegate.loadContextInternal(DefaultCacheAwareContextLoaderDelegate.java:98) [spring-test-4.3.14.RELEASE.jar:4.3.14.RELEASE]
	at org.springframework.test.context.cache.DefaultCacheAwareContextLoaderDelegate.loadContext(DefaultCacheAwareContextLoaderDelegate.java:116) [spring-test-4.3.14.RELEASE.jar:4.3.14.RELEASE]
	at org.springframework.test.context.support.DefaultTestContext.getApplicationContext(DefaultTestContext.java:83) [spring-test-4.3.14.RELEASE.jar:4.3.14.RELEASE]
	at org.springframework.test.context.web.ServletTestExecutionListener.setUpRequestContextIfNecessary(ServletTestExecutionListener.java:189) [spring-test-4.3.14.RELEASE.jar:4.3.14.RELEASE]
	at org.springframework.test.context.web.ServletTestExecutionListener.prepareTestInstance(ServletTestExecutionListener.java:131) [spring-test-4.3.14.RELEASE.jar:4.3.14.RELEASE]
	at org.springframework.test.context.TestContextManager.prepareTestInstance(TestContextManager.java:230) [spring-test-4.3.14.RELEASE.jar:4.3.14.RELEASE]
	at org.springframework.test.context.junit4.SpringJUnit4ClassRunner.createTest(SpringJUnit4ClassRunner.java:228) [spring-test-4.3.14.RELEASE.jar:4.3.14.RELEASE]
	at org.springframework.test.context.junit4.SpringJUnit4ClassRunner$1.runReflectiveCall(SpringJUnit4ClassRunner.java:287) [spring-test-4.3.14.RELEASE.jar:4.3.14.RELEASE]
	at org.junit.internal.runners.model.ReflectiveCallable.run(ReflectiveCallable.java:12) [junit-4.12.jar:4.12]
	at org.springframework.test.context.junit4.SpringJUnit4ClassRunner.methodBlock(SpringJUnit4ClassRunner.java:289) [spring-test-4.3.14.RELEASE.jar:4.3.14.RELEASE]
	at org.springframework.test.context.junit4.SpringJUnit4ClassRunner.runChild(SpringJUnit4ClassRunner.java:247) [spring-test-4.3.14.RELEASE.jar:4.3.14.RELEASE]
	at org.springframework.test.context.junit4.SpringJUnit4ClassRunner.runChild(SpringJUnit4ClassRunner.java:94) [spring-test-4.3.14.RELEASE.jar:4.3.14.RELEASE]
	at org.junit.runners.ParentRunner$3.run(ParentRunner.java:290) [junit-4.12.jar:4.12]
	at org.junit.runners.ParentRunner$1.schedule(ParentRunner.java:71) [junit-4.12.jar:4.12]
	at org.junit.runners.ParentRunner.runChildren(ParentRunner.java:288) [junit-4.12.jar:4.12]
	at org.junit.runners.ParentRunner.access$000(ParentRunner.java:58) [junit-4.12.jar:4.12]
	at org.junit.runners.ParentRunner$2.evaluate(ParentRunner.java:268) [junit-4.12.jar:4.12]
	at org.springframework.test.context.junit4.statements.RunBeforeTestClassCallbacks.evaluate(RunBeforeTestClassCallbacks.java:61) [spring-test-4.3.14.RELEASE.jar:4.3.14.RELEASE]
	at org.springframework.test.context.junit4.statements.RunAfterTestClassCallbacks.evaluate(RunAfterTestClassCallbacks.java:70) [spring-test-4.3.14.RELEASE.jar:4.3.14.RELEASE]
	at org.junit.runners.ParentRunner.run(ParentRunner.java:363) [junit-4.12.jar:4.12]
	at org.springframework.test.context.junit4.SpringJUnit4ClassRunner.run(SpringJUnit4ClassRunner.java:191) [spring-test-4.3.14.RELEASE.jar:4.3.14.RELEASE]
	at org.apache.maven.surefire.junit4.JUnit4Provider.execute(JUnit4Provider.java:283) [surefire-junit4-2.18.1.jar:2.18.1]
	at org.apache.maven.surefire.junit4.JUnit4Provider.executeWithRerun(JUnit4Provider.java:173) [surefire-junit4-2.18.1.jar:2.18.1]
	at org.apache.maven.surefire.junit4.JUnit4Provider.executeTestSet(JUnit4Provider.java:153) [surefire-junit4-2.18.1.jar:2.18.1]
	at org.apache.maven.surefire.junit4.JUnit4Provider.invoke(JUnit4Provider.java:128) [surefire-junit4-2.18.1.jar:2.18.1]
	at org.apache.maven.surefire.booter.ForkedBooter.invokeProviderInSameClassLoader(ForkedBooter.java:203) [surefire-booter-2.18.1.jar:2.18.1]
	at org.apache.maven.surefire.booter.ForkedBooter.runSuitesInProcess(ForkedBooter.java:155) [surefire-booter-2.18.1.jar:2.18.1]
	at org.apache.maven.surefire.booter.ForkedBooter.main(ForkedBooter.java:103) [surefire-booter-2.18.1.jar:2.18.1]
Caused by: java.lang.NullPointerException: null
	at org.springframework.cloud.sleuth.instrument.web.client.RestTemplateInterceptorInjector.inject(TraceWebClientAutoConfiguration.java:170) ~[spring-cloud-sleuth-core-1.3.0.RELEASE.jar:1.3.0.RELEASE]
	at org.springframework.cloud.sleuth.instrument.web.client.TraceWebClientAutoConfiguration$TraceInterceptorConfiguration.init(TraceWebClientAutoConfiguration.java:110) ~[spring-cloud-sleuth-core-1.3.0.RELEASE.jar:1.3.0.RELEASE]
	at sun.reflect.NativeMethodAccessorImpl.invoke0(Native Method) ~[na:1.8.0_31]
	at sun.reflect.NativeMethodAccessorImpl.invoke(NativeMethodAccessorImpl.java:62) ~[na:1.8.0_31]
	at sun.reflect.DelegatingMethodAccessorImpl.invoke(DelegatingMethodAccessorImpl.java:43) ~[na:1.8.0_31]
	at java.lang.reflect.Method.invoke(Method.java:483) ~[na:1.8.0_31]
	at org.springframework.beans.factory.annotation.InitDestroyAnnotationBeanPostProcessor$LifecycleElement.invoke(InitDestroyAnnotationBeanPostProcessor.java:366) ~[spring-beans-4.3.14.RELEASE.jar:4.3.14.RELEASE]
	at org.springframework.beans.factory.annotation.InitDestroyAnnotationBeanPostProcessor$LifecycleMetadata.invokeInitMethods(InitDestroyAnnotationBeanPostProcessor.java:311) ~[spring-beans-4.3.14.RELEASE.jar:4.3.14.RELEASE]
	at org.springframework.beans.factory.annotation.InitDestroyAnnotationBeanPostProcessor.postProcessBeforeInitialization(InitDestroyAnnotationBeanPostProcessor.java:134) ~[spring-beans-4.3.14.RELEASE.jar:4.3.14.RELEASE]
	... 43 common frames omitted

2018-03-23 17:14:23.798 ERROR [service-ziphi,,,] 11752 --- [           main] o.s.test.context.TestContextManager      : Caught exception while allowing TestExecutionListener [org.springframework.test.context.web.ServletTestExecutionListener@55040f2f] to prepare test instance [com.southgis.test.serviceziphi.ServiceZiphiApplicationTests@7d97e06c]

java.lang.IllegalStateException: Failed to load ApplicationContext
	at org.springframework.test.context.cache.DefaultCacheAwareContextLoaderDelegate.loadContext(DefaultCacheAwareContextLoaderDelegate.java:124) ~[spring-test-4.3.14.RELEASE.jar:4.3.14.RELEASE]
	at org.springframework.test.context.support.DefaultTestContext.getApplicationContext(DefaultTestContext.java:83) ~[spring-test-4.3.14.RELEASE.jar:4.3.14.RELEASE]
	at org.springframework.test.context.web.ServletTestExecutionListener.setUpRequestContextIfNecessary(ServletTestExecutionListener.java:189) ~[spring-test-4.3.14.RELEASE.jar:4.3.14.RELEASE]
	at org.springframework.test.context.web.ServletTestExecutionListener.prepareTestInstance(ServletTestExecutionListener.java:131) ~[spring-test-4.3.14.RELEASE.jar:4.3.14.RELEASE]
	at org.springframework.test.context.TestContextManager.prepareTestInstance(TestContextManager.java:230) ~[spring-test-4.3.14.RELEASE.jar:4.3.14.RELEASE]
	at org.springframework.test.context.junit4.SpringJUnit4ClassRunner.createTest(SpringJUnit4ClassRunner.java:228) [spring-test-4.3.14.RELEASE.jar:4.3.14.RELEASE]
	at org.springframework.test.context.junit4.SpringJUnit4ClassRunner$1.runReflectiveCall(SpringJUnit4ClassRunner.java:287) [spring-test-4.3.14.RELEASE.jar:4.3.14.RELEASE]
	at org.junit.internal.runners.model.ReflectiveCallable.run(ReflectiveCallable.java:12) [junit-4.12.jar:4.12]
	at org.springframework.test.context.junit4.SpringJUnit4ClassRunner.methodBlock(SpringJUnit4ClassRunner.java:289) [spring-test-4.3.14.RELEASE.jar:4.3.14.RELEASE]
	at org.springframework.test.context.junit4.SpringJUnit4ClassRunner.runChild(SpringJUnit4ClassRunner.java:247) [spring-test-4.3.14.RELEASE.jar:4.3.14.RELEASE]
	at org.springframework.test.context.junit4.SpringJUnit4ClassRunner.runChild(SpringJUnit4ClassRunner.java:94) [spring-test-4.3.14.RELEASE.jar:4.3.14.RELEASE]
	at org.junit.runners.ParentRunner$3.run(ParentRunner.java:290) [junit-4.12.jar:4.12]
	at org.junit.runners.ParentRunner$1.schedule(ParentRunner.java:71) [junit-4.12.jar:4.12]
	at org.junit.runners.ParentRunner.runChildren(ParentRunner.java:288) [junit-4.12.jar:4.12]
	at org.junit.runners.ParentRunner.access$000(ParentRunner.java:58) [junit-4.12.jar:4.12]
	at org.junit.runners.ParentRunner$2.evaluate(ParentRunner.java:268) [junit-4.12.jar:4.12]
	at org.springframework.test.context.junit4.statements.RunBeforeTestClassCallbacks.evaluate(RunBeforeTestClassCallbacks.java:61) [spring-test-4.3.14.RELEASE.jar:4.3.14.RELEASE]
	at org.springframework.test.context.junit4.statements.RunAfterTestClassCallbacks.evaluate(RunAfterTestClassCallbacks.java:70) [spring-test-4.3.14.RELEASE.jar:4.3.14.RELEASE]
	at org.junit.runners.ParentRunner.run(ParentRunner.java:363) [junit-4.12.jar:4.12]
	at org.springframework.test.context.junit4.SpringJUnit4ClassRunner.run(SpringJUnit4ClassRunner.java:191) [spring-test-4.3.14.RELEASE.jar:4.3.14.RELEASE]
	at org.apache.maven.surefire.junit4.JUnit4Provider.execute(JUnit4Provider.java:283) [surefire-junit4-2.18.1.jar:2.18.1]
	at org.apache.maven.surefire.junit4.JUnit4Provider.executeWithRerun(JUnit4Provider.java:173) [surefire-junit4-2.18.1.jar:2.18.1]
	at org.apache.maven.surefire.junit4.JUnit4Provider.executeTestSet(JUnit4Provider.java:153) [surefire-junit4-2.18.1.jar:2.18.1]
	at org.apache.maven.surefire.junit4.JUnit4Provider.invoke(JUnit4Provider.java:128) [surefire-junit4-2.18.1.jar:2.18.1]
	at org.apache.maven.surefire.booter.ForkedBooter.invokeProviderInSameClassLoader(ForkedBooter.java:203) [surefire-booter-2.18.1.jar:2.18.1]
	at org.apache.maven.surefire.booter.ForkedBooter.runSuitesInProcess(ForkedBooter.java:155) [surefire-booter-2.18.1.jar:2.18.1]
	at org.apache.maven.surefire.booter.ForkedBooter.main(ForkedBooter.java:103) [surefire-booter-2.18.1.jar:2.18.1]
Caused by: org.springframework.beans.factory.BeanCreationException: Error creating bean with name 'org.springframework.cloud.sleuth.instrument.web.client.TraceWebClientAutoConfiguration$TraceInterceptorConfiguration': Invocation of init method failed; nested exception is java.lang.NullPointerException
	at org.springframework.beans.factory.annotation.InitDestroyAnnotationBeanPostProcessor.postProcessBeforeInitialization(InitDestroyAnnotationBeanPostProcessor.java:137) ~[spring-beans-4.3.14.RELEASE.jar:4.3.14.RELEASE]
	at org.springframework.beans.factory.support.AbstractAutowireCapableBeanFactory.applyBeanPostProcessorsBeforeInitialization(AbstractAutowireCapableBeanFactory.java:409) ~[spring-beans-4.3.14.RELEASE.jar:4.3.14.RELEASE]
	at org.springframework.beans.factory.support.AbstractAutowireCapableBeanFactory.initializeBean(AbstractAutowireCapableBeanFactory.java:1620) ~[spring-beans-4.3.14.RELEASE.jar:4.3.14.RELEASE]
	at org.springframework.beans.factory.support.AbstractAutowireCapableBeanFactory.doCreateBean(AbstractAutowireCapableBeanFactory.java:555) ~[spring-beans-4.3.14.RELEASE.jar:4.3.14.RELEASE]
	at org.springframework.beans.factory.support.AbstractAutowireCapableBeanFactory.createBean(AbstractAutowireCapableBeanFactory.java:483) ~[spring-beans-4.3.14.RELEASE.jar:4.3.14.RELEASE]
	at org.springframework.beans.factory.support.AbstractBeanFactory$1.getObject(AbstractBeanFactory.java:306) ~[spring-beans-4.3.14.RELEASE.jar:4.3.14.RELEASE]
	at org.springframework.beans.factory.support.DefaultSingletonBeanRegistry.getSingleton(DefaultSingletonBeanRegistry.java:230) ~[spring-beans-4.3.14.RELEASE.jar:4.3.14.RELEASE]
	at org.springframework.beans.factory.support.AbstractBeanFactory.doGetBean(AbstractBeanFactory.java:302) ~[spring-beans-4.3.14.RELEASE.jar:4.3.14.RELEASE]
	at org.springframework.beans.factory.support.AbstractBeanFactory.getBean(AbstractBeanFactory.java:197) ~[spring-beans-4.3.14.RELEASE.jar:4.3.14.RELEASE]
	at org.springframework.beans.factory.support.DefaultListableBeanFactory.preInstantiateSingletons(DefaultListableBeanFactory.java:761) ~[spring-beans-4.3.14.RELEASE.jar:4.3.14.RELEASE]
	at org.springframework.context.support.AbstractApplicationContext.finishBeanFactoryInitialization(AbstractApplicationContext.java:867) ~[spring-context-4.3.14.RELEASE.jar:4.3.14.RELEASE]
	at org.springframework.context.support.AbstractApplicationContext.refresh(AbstractApplicationContext.java:543) ~[spring-context-4.3.14.RELEASE.jar:4.3.14.RELEASE]
	at org.springframework.boot.SpringApplication.refresh(SpringApplication.java:693) ~[spring-boot-1.5.10.RELEASE.jar:1.5.10.RELEASE]
	at org.springframework.boot.SpringApplication.refreshContext(SpringApplication.java:360) ~[spring-boot-1.5.10.RELEASE.jar:1.5.10.RELEASE]
	at org.springframework.boot.SpringApplication.run(SpringApplication.java:303) ~[spring-boot-1.5.10.RELEASE.jar:1.5.10.RELEASE]
	at org.springframework.boot.test.context.SpringBootContextLoader.loadContext(SpringBootContextLoader.java:120) ~[spring-boot-test-1.5.10.RELEASE.jar:1.5.10.RELEASE]
	at org.springframework.test.context.cache.DefaultCacheAwareContextLoaderDelegate.loadContextInternal(DefaultCacheAwareContextLoaderDelegate.java:98) ~[spring-test-4.3.14.RELEASE.jar:4.3.14.RELEASE]
	at org.springframework.test.context.cache.DefaultCacheAwareContextLoaderDelegate.loadContext(DefaultCacheAwareContextLoaderDelegate.java:116) ~[spring-test-4.3.14.RELEASE.jar:4.3.14.RELEASE]
	... 26 common frames omitted
Caused by: java.lang.NullPointerException: null
	at org.springframework.cloud.sleuth.instrument.web.client.RestTemplateInterceptorInjector.inject(TraceWebClientAutoConfiguration.java:170) ~[spring-cloud-sleuth-core-1.3.0.RELEASE.jar:1.3.0.RELEASE]
	at org.springframework.cloud.sleuth.instrument.web.client.TraceWebClientAutoConfiguration$TraceInterceptorConfiguration.init(TraceWebClientAutoConfiguration.java:110) ~[spring-cloud-sleuth-core-1.3.0.RELEASE.jar:1.3.0.RELEASE]
	at sun.reflect.NativeMethodAccessorImpl.invoke0(Native Method) ~[na:1.8.0_31]
	at sun.reflect.NativeMethodAccessorImpl.invoke(NativeMethodAccessorImpl.java:62) ~[na:1.8.0_31]
	at sun.reflect.DelegatingMethodAccessorImpl.invoke(DelegatingMethodAccessorImpl.java:43) ~[na:1.8.0_31]
	at java.lang.reflect.Method.invoke(Method.java:483) ~[na:1.8.0_31]
	at org.springframework.beans.factory.annotation.InitDestroyAnnotationBeanPostProcessor$LifecycleElement.invoke(InitDestroyAnnotationBeanPostProcessor.java:366) ~[spring-beans-4.3.14.RELEASE.jar:4.3.14.RELEASE]
	at org.springframework.beans.factory.annotation.InitDestroyAnnotationBeanPostProcessor$LifecycleMetadata.invokeInitMethods(InitDestroyAnnotationBeanPostProcessor.java:311) ~[spring-beans-4.3.14.RELEASE.jar:4.3.14.RELEASE]
	at org.springframework.beans.factory.annotation.InitDestroyAnnotationBeanPostProcessor.postProcessBeforeInitialization(InitDestroyAnnotationBeanPostProcessor.java:134) ~[spring-beans-4.3.14.RELEASE.jar:4.3.14.RELEASE]
	... 43 common frames omitted

]]></system-out>
  </testcase>
</testsuite>